Copyright 1986-2020 Xilinx, Inc. All Rights Reserved.
------------------------------------------------------------------------------------
| Tool Version : Vivado v.2020.1 (win64) Build 2902540 Wed May 27 19:54:49 MDT 2020
| Date         : Mon May 17 21:08:22 2021
| Host         : LAPTOP-HM31IF3R running 64-bit major release  (build 9200)
| Command      : upgrade_ip
| Device       : xc7z020clg400-1
------------------------------------------------------------------------------------

Upgrade Log for IP 'base_sad_0_1'

1. Summary
----------

CAUTION (success, with warnings) in the upgrade of base_sad_0_1 (xilinx.com:user:sad:1.0) from (Rev. 6) to (Rev. 7)

After upgrade, an IP may have parameter and port differences compared to the original customization. Please review the parameters within the IP customization GUI to ensure proper functionality. Also, please review the updated IP instantiation template to ensure proper connectivity, and update your design if required.

2. Connection Warnings
----------------------

Detected external port differences while upgrading 'base_sad_0_1'. These changes may impact your design.


-Upgrade has removed port 'interrupt_out'







Copyright 1986-2020 Xilinx, Inc. All Rights Reserved.
------------------------------------------------------------------------------------
| Tool Version : Vivado v.2020.1 (win64) Build 2902540 Wed May 27 19:54:49 MDT 2020
| Date         : Mon May 17 20:51:31 2021
| Host         : LAPTOP-HM31IF3R running 64-bit major release  (build 9200)
| Command      : upgrade_ip
| Device       : xc7z020clg400-1
------------------------------------------------------------------------------------

Upgrade Log for IP 'base_sad_0_1'

1. Summary
----------

CAUTION (success, with warnings) in the upgrade of base_sad_0_1 (xilinx.com:user:sad:1.0) from (Rev. 5) to (Rev. 6)

After upgrade, an IP may have parameter and port differences compared to the original customization. Please review the parameters within the IP customization GUI to ensure proper functionality. Also, please review the updated IP instantiation template to ensure proper connectivity, and update your design if required.

2. Connection Warnings
----------------------

Detected external port differences while upgrading 'base_sad_0_1'. These changes may impact your design.


-Upgrade has added port 'clk_BRAM'

-Upgrade has added port 'en_BRAM'

-Upgrade has added port 'interrupt_out'

-Upgrade has added port 'l_addr_BRAM'

-Upgrade has added port 'l_din_BRAM'

-Upgrade has added port 'l_dout_BRAM'

-Upgrade has added port 'r_addr_BRAM'

-Upgrade has added port 'r_din_BRAM'

-Upgrade has added port 'r_dout_BRAM'

-Upgrade has added port 'rst_BRAM'

-Upgrade has added port 'we_BRAM'


