
*** Running vivado
    with args -log base_io_switch_1.vds -m64 -product Vivado -mode batch -messageDb vivado.pb -notrace -source base_io_switch_1.tcl



****** Vivado v2020.1.1 (64-bit)
  **** SW Build 2960000 on Wed Aug  5 22:57:20 MDT 2020
  **** IP Build 2956692 on Thu Aug  6 01:41:30 MDT 2020
    ** Copyright 1986-2020 Xilinx, Inc. All Rights Reserved.

source base_io_switch_1.tcl -notrace
INFO: [IP_Flow 19-234] Refreshing IP repositories
INFO: [IP_Flow 19-1700] Loaded user IP repository 'c:/Users/cl/Desktop/OV7670_PYNQ/boards/Pynq-Z2/base/ip_repo/camera_capture_1.0'.
WARNING: [IP_Flow 19-2207] Repository 'c:/Users/cl/Desktop/OV7670_PYNQ/boards/Pynq-Z2/base/ip_repo/camera_capture_1.0' already exists; ignoring attempt to add it again.
INFO: [IP_Flow 19-1700] Loaded user IP repository 'c:/Users/cl/Desktop/OV7670_PYNQ/boards/Pynq-Z2/base/ip_repo/camera_capture_1.0'.
INFO: [IP_Flow 19-1700] Loaded user IP repository 'c:/Users/cl/Desktop/OV7670_PYNQ/boards/ip'.
INFO: [IP_Flow 19-2313] Loaded Vivado IP repository 'C:/Xilinx/Vivado/2020.1/data/ip'.
Command: synth_design -top base_io_switch_1 -part xc7z020clg400-1 -mode out_of_context
Starting synth_design
Attempting to get a license for feature 'Synthesis' and/or device 'xc7z020'
INFO: [Common 17-349] Got license for feature 'Synthesis' and/or device 'xc7z020'
INFO: [Device 21-403] Loading part xc7z020clg400-1
INFO: [Synth 8-7079] Multithreading enabled for synth_design using a maximum of 2 processes.
INFO: [Synth 8-7078] Launching helper process for spawning children vivado processes
INFO: [Synth 8-7075] Helper process launched with PID 26596
---------------------------------------------------------------------------------
Starting RTL Elaboration : Time (s): cpu = 00:00:06 ; elapsed = 00:00:06 . Memory (MB): peak = 1025.578 ; gain = 0.000
---------------------------------------------------------------------------------
INFO: [Synth 8-6157] synthesizing module 'base_io_switch_1' [c:/Users/cl/Desktop/OV7670_PYNQ/boards/Pynq-Z2/base/base/base.srcs/sources_1/bd/base/ip/base_io_switch_1/synth/base_io_switch_1.v:57]
INFO: [Synth 8-6157] synthesizing module 'io_switch_v1_1' [c:/Users/cl/Desktop/OV7670_PYNQ/boards/Pynq-Z2/base/base/base.srcs/sources_1/bd/base/ipshared/6c92/hdl/io_switch_v1_1.v:4]
	Parameter C_INTERFACE_TYPE bound to: 1 - type: string 
	Parameter C_IO_SWITCH_WIDTH bound to: 8 - type: integer 
	Parameter C_NUM_PWMS bound to: 1 - type: integer 
	Parameter C_NUM_TIMERS bound to: 1 - type: integer 
	Parameter C_NUM_SS bound to: 1 - type: integer 
	Parameter C_S_AXI_DATA_WIDTH bound to: 32 - type: integer 
	Parameter C_S_AXI_ADDR_WIDTH bound to: 6 - type: integer 
INFO: [Synth 8-6157] synthesizing module 'io_switch_v1_1_S_AXI' [c:/Users/cl/Desktop/OV7670_PYNQ/boards/Pynq-Z2/base/base/base.srcs/sources_1/bd/base/ipshared/6c92/hdl/io_switch_v1_1_S_AXI.v:4]
	Parameter C_INTERFACE_TYPE bound to: 1 - type: string 
	Parameter C_IO_SWITCH_WIDTH bound to: 8 - type: integer 
	Parameter C_NUM_PWMS bound to: 1 - type: integer 
	Parameter C_NUM_TIMERS bound to: 1 - type: integer 
	Parameter C_NUM_SS bound to: 1 - type: integer 
	Parameter C_S_AXI_DATA_WIDTH bound to: 32 - type: integer 
	Parameter C_S_AXI_ADDR_WIDTH bound to: 6 - type: integer 
	Parameter ADDR_LSB bound to: 2 - type: integer 
	Parameter OPT_MEM_ADDR_BITS bound to: 3 - type: integer 
INFO: [Synth 8-6157] synthesizing module 'io_switch' [c:/Users/cl/Desktop/OV7670_PYNQ/boards/Pynq-Z2/base/base/base.srcs/sources_1/bd/base/ipshared/6c92/src/io_switch.v:7]
	Parameter C_IO_SWITCH_WIDTH bound to: 8 - type: integer 
	Parameter C_NUM_PWMS bound to: 1 - type: integer 
	Parameter C_NUM_TIMERS bound to: 1 - type: integer 
	Parameter C_NUM_SS bound to: 1 - type: integer 
INFO: [Synth 8-6157] synthesizing module 'io_switch_bit' [c:/Users/cl/Desktop/OV7670_PYNQ/boards/Pynq-Z2/base/base/base.srcs/sources_1/bd/base/ipshared/6c92/src/io_switch_bit.v:57]
	Parameter C_NUM_PWMS bound to: 1 - type: integer 
	Parameter C_NUM_TIMERS bound to: 1 - type: integer 
	Parameter C_NUM_SS bound to: 1 - type: integer 
WARNING: [Synth 8-324] index 1 out of range [c:/Users/cl/Desktop/OV7670_PYNQ/boards/Pynq-Z2/base/base/base.srcs/sources_1/bd/base/ipshared/6c92/src/io_switch_bit.v:159]
WARNING: [Synth 8-324] index 2 out of range [c:/Users/cl/Desktop/OV7670_PYNQ/boards/Pynq-Z2/base/base/base.srcs/sources_1/bd/base/ipshared/6c92/src/io_switch_bit.v:160]
WARNING: [Synth 8-324] index 3 out of range [c:/Users/cl/Desktop/OV7670_PYNQ/boards/Pynq-Z2/base/base/base.srcs/sources_1/bd/base/ipshared/6c92/src/io_switch_bit.v:161]
WARNING: [Synth 8-324] index 4 out of range [c:/Users/cl/Desktop/OV7670_PYNQ/boards/Pynq-Z2/base/base/base.srcs/sources_1/bd/base/ipshared/6c92/src/io_switch_bit.v:162]
WARNING: [Synth 8-324] index 5 out of range [c:/Users/cl/Desktop/OV7670_PYNQ/boards/Pynq-Z2/base/base/base.srcs/sources_1/bd/base/ipshared/6c92/src/io_switch_bit.v:163]
WARNING: [Synth 8-324] index 1 out of range [c:/Users/cl/Desktop/OV7670_PYNQ/boards/Pynq-Z2/base/base/base.srcs/sources_1/bd/base/ipshared/6c92/src/io_switch_bit.v:164]
WARNING: [Synth 8-324] index 1 out of range [c:/Users/cl/Desktop/OV7670_PYNQ/boards/Pynq-Z2/base/base/base.srcs/sources_1/bd/base/ipshared/6c92/src/io_switch_bit.v:167]
WARNING: [Synth 8-324] index 2 out of range [c:/Users/cl/Desktop/OV7670_PYNQ/boards/Pynq-Z2/base/base/base.srcs/sources_1/bd/base/ipshared/6c92/src/io_switch_bit.v:168]
WARNING: [Synth 8-324] index 3 out of range [c:/Users/cl/Desktop/OV7670_PYNQ/boards/Pynq-Z2/base/base/base.srcs/sources_1/bd/base/ipshared/6c92/src/io_switch_bit.v:169]
WARNING: [Synth 8-324] index 4 out of range [c:/Users/cl/Desktop/OV7670_PYNQ/boards/Pynq-Z2/base/base/base.srcs/sources_1/bd/base/ipshared/6c92/src/io_switch_bit.v:170]
WARNING: [Synth 8-324] index 5 out of range [c:/Users/cl/Desktop/OV7670_PYNQ/boards/Pynq-Z2/base/base/base.srcs/sources_1/bd/base/ipshared/6c92/src/io_switch_bit.v:171]
WARNING: [Synth 8-324] index 6 out of range [c:/Users/cl/Desktop/OV7670_PYNQ/boards/Pynq-Z2/base/base/base.srcs/sources_1/bd/base/ipshared/6c92/src/io_switch_bit.v:172]
WARNING: [Synth 8-324] index 7 out of range [c:/Users/cl/Desktop/OV7670_PYNQ/boards/Pynq-Z2/base/base/base.srcs/sources_1/bd/base/ipshared/6c92/src/io_switch_bit.v:173]
INFO: [Synth 8-6155] done synthesizing module 'io_switch_bit' (1#1) [c:/Users/cl/Desktop/OV7670_PYNQ/boards/Pynq-Z2/base/base/base.srcs/sources_1/bd/base/ipshared/6c92/src/io_switch_bit.v:57]
WARNING: [Synth 8-7071] port 'uart1_rx_i' of module 'io_switch_bit' is unconnected for instance 'd_i' [c:/Users/cl/Desktop/OV7670_PYNQ/boards/Pynq-Z2/base/base/base.srcs/sources_1/bd/base/ipshared/6c92/src/io_switch.v:125]
WARNING: [Synth 8-7071] port 'uart1_tx_o' of module 'io_switch_bit' is unconnected for instance 'd_i' [c:/Users/cl/Desktop/OV7670_PYNQ/boards/Pynq-Z2/base/base/base.srcs/sources_1/bd/base/ipshared/6c92/src/io_switch.v:125]
WARNING: [Synth 8-7071] port 'ss0_i' of module 'io_switch_bit' is unconnected for instance 'd_i' [c:/Users/cl/Desktop/OV7670_PYNQ/boards/Pynq-Z2/base/base/base.srcs/sources_1/bd/base/ipshared/6c92/src/io_switch.v:125]
WARNING: [Synth 8-7071] port 'sck1_i' of module 'io_switch_bit' is unconnected for instance 'd_i' [c:/Users/cl/Desktop/OV7670_PYNQ/boards/Pynq-Z2/base/base/base.srcs/sources_1/bd/base/ipshared/6c92/src/io_switch.v:125]
WARNING: [Synth 8-7071] port 'sck1_o' of module 'io_switch_bit' is unconnected for instance 'd_i' [c:/Users/cl/Desktop/OV7670_PYNQ/boards/Pynq-Z2/base/base/base.srcs/sources_1/bd/base/ipshared/6c92/src/io_switch.v:125]
WARNING: [Synth 8-7071] port 'sck1_t' of module 'io_switch_bit' is unconnected for instance 'd_i' [c:/Users/cl/Desktop/OV7670_PYNQ/boards/Pynq-Z2/base/base/base.srcs/sources_1/bd/base/ipshared/6c92/src/io_switch.v:125]
WARNING: [Synth 8-7071] port 'miso1_i' of module 'io_switch_bit' is unconnected for instance 'd_i' [c:/Users/cl/Desktop/OV7670_PYNQ/boards/Pynq-Z2/base/base/base.srcs/sources_1/bd/base/ipshared/6c92/src/io_switch.v:125]
WARNING: [Synth 8-7071] port 'miso1_o' of module 'io_switch_bit' is unconnected for instance 'd_i' [c:/Users/cl/Desktop/OV7670_PYNQ/boards/Pynq-Z2/base/base/base.srcs/sources_1/bd/base/ipshared/6c92/src/io_switch.v:125]
WARNING: [Synth 8-7071] port 'miso1_t' of module 'io_switch_bit' is unconnected for instance 'd_i' [c:/Users/cl/Desktop/OV7670_PYNQ/boards/Pynq-Z2/base/base/base.srcs/sources_1/bd/base/ipshared/6c92/src/io_switch.v:125]
WARNING: [Synth 8-7071] port 'mosi1_i' of module 'io_switch_bit' is unconnected for instance 'd_i' [c:/Users/cl/Desktop/OV7670_PYNQ/boards/Pynq-Z2/base/base/base.srcs/sources_1/bd/base/ipshared/6c92/src/io_switch.v:125]
WARNING: [Synth 8-7071] port 'mosi1_o' of module 'io_switch_bit' is unconnected for instance 'd_i' [c:/Users/cl/Desktop/OV7670_PYNQ/boards/Pynq-Z2/base/base/base.srcs/sources_1/bd/base/ipshared/6c92/src/io_switch.v:125]
WARNING: [Synth 8-7071] port 'mosi1_t' of module 'io_switch_bit' is unconnected for instance 'd_i' [c:/Users/cl/Desktop/OV7670_PYNQ/boards/Pynq-Z2/base/base/base.srcs/sources_1/bd/base/ipshared/6c92/src/io_switch.v:125]
WARNING: [Synth 8-7071] port 'ss1_i' of module 'io_switch_bit' is unconnected for instance 'd_i' [c:/Users/cl/Desktop/OV7670_PYNQ/boards/Pynq-Z2/base/base/base.srcs/sources_1/bd/base/ipshared/6c92/src/io_switch.v:125]
WARNING: [Synth 8-7071] port 'ss1_o' of module 'io_switch_bit' is unconnected for instance 'd_i' [c:/Users/cl/Desktop/OV7670_PYNQ/boards/Pynq-Z2/base/base/base.srcs/sources_1/bd/base/ipshared/6c92/src/io_switch.v:125]
WARNING: [Synth 8-7071] port 'ss1_t' of module 'io_switch_bit' is unconnected for instance 'd_i' [c:/Users/cl/Desktop/OV7670_PYNQ/boards/Pynq-Z2/base/base/base.srcs/sources_1/bd/base/ipshared/6c92/src/io_switch.v:125]
WARNING: [Synth 8-7071] port 'sda0_i' of module 'io_switch_bit' is unconnected for instance 'd_i' [c:/Users/cl/Desktop/OV7670_PYNQ/boards/Pynq-Z2/base/base/base.srcs/sources_1/bd/base/ipshared/6c92/src/io_switch.v:125]
WARNING: [Synth 8-7071] port 'sda0_o' of module 'io_switch_bit' is unconnected for instance 'd_i' [c:/Users/cl/Desktop/OV7670_PYNQ/boards/Pynq-Z2/base/base/base.srcs/sources_1/bd/base/ipshared/6c92/src/io_switch.v:125]
WARNING: [Synth 8-7071] port 'sda0_t' of module 'io_switch_bit' is unconnected for instance 'd_i' [c:/Users/cl/Desktop/OV7670_PYNQ/boards/Pynq-Z2/base/base/base.srcs/sources_1/bd/base/ipshared/6c92/src/io_switch.v:125]
WARNING: [Synth 8-7071] port 'scl0_i' of module 'io_switch_bit' is unconnected for instance 'd_i' [c:/Users/cl/Desktop/OV7670_PYNQ/boards/Pynq-Z2/base/base/base.srcs/sources_1/bd/base/ipshared/6c92/src/io_switch.v:125]
WARNING: [Synth 8-7071] port 'scl0_o' of module 'io_switch_bit' is unconnected for instance 'd_i' [c:/Users/cl/Desktop/OV7670_PYNQ/boards/Pynq-Z2/base/base/base.srcs/sources_1/bd/base/ipshared/6c92/src/io_switch.v:125]
WARNING: [Synth 8-7071] port 'scl0_t' of module 'io_switch_bit' is unconnected for instance 'd_i' [c:/Users/cl/Desktop/OV7670_PYNQ/boards/Pynq-Z2/base/base/base.srcs/sources_1/bd/base/ipshared/6c92/src/io_switch.v:125]
WARNING: [Synth 8-7071] port 'sda1_i' of module 'io_switch_bit' is unconnected for instance 'd_i' [c:/Users/cl/Desktop/OV7670_PYNQ/boards/Pynq-Z2/base/base/base.srcs/sources_1/bd/base/ipshared/6c92/src/io_switch.v:125]
WARNING: [Synth 8-7071] port 'sda1_o' of module 'io_switch_bit' is unconnected for instance 'd_i' [c:/Users/cl/Desktop/OV7670_PYNQ/boards/Pynq-Z2/base/base/base.srcs/sources_1/bd/base/ipshared/6c92/src/io_switch.v:125]
WARNING: [Synth 8-7071] port 'sda1_t' of module 'io_switch_bit' is unconnected for instance 'd_i' [c:/Users/cl/Desktop/OV7670_PYNQ/boards/Pynq-Z2/base/base/base.srcs/sources_1/bd/base/ipshared/6c92/src/io_switch.v:125]
WARNING: [Synth 8-7071] port 'scl1_i' of module 'io_switch_bit' is unconnected for instance 'd_i' [c:/Users/cl/Desktop/OV7670_PYNQ/boards/Pynq-Z2/base/base/base.srcs/sources_1/bd/base/ipshared/6c92/src/io_switch.v:125]
WARNING: [Synth 8-7071] port 'scl1_o' of module 'io_switch_bit' is unconnected for instance 'd_i' [c:/Users/cl/Desktop/OV7670_PYNQ/boards/Pynq-Z2/base/base/base.srcs/sources_1/bd/base/ipshared/6c92/src/io_switch.v:125]
WARNING: [Synth 8-7071] port 'scl1_t' of module 'io_switch_bit' is unconnected for instance 'd_i' [c:/Users/cl/Desktop/OV7670_PYNQ/boards/Pynq-Z2/base/base/base.srcs/sources_1/bd/base/ipshared/6c92/src/io_switch.v:125]
WARNING: [Synth 8-7071] port 'timer_i_1' of module 'io_switch_bit' is unconnected for instance 'd_i' [c:/Users/cl/Desktop/OV7670_PYNQ/boards/Pynq-Z2/base/base/base.srcs/sources_1/bd/base/ipshared/6c92/src/io_switch.v:125]
WARNING: [Synth 8-7071] port 'timer_i_2' of module 'io_switch_bit' is unconnected for instance 'd_i' [c:/Users/cl/Desktop/OV7670_PYNQ/boards/Pynq-Z2/base/base/base.srcs/sources_1/bd/base/ipshared/6c92/src/io_switch.v:125]
WARNING: [Synth 8-7071] port 'timer_i_3' of module 'io_switch_bit' is unconnected for instance 'd_i' [c:/Users/cl/Desktop/OV7670_PYNQ/boards/Pynq-Z2/base/base/base.srcs/sources_1/bd/base/ipshared/6c92/src/io_switch.v:125]
WARNING: [Synth 8-7071] port 'timer_i_4' of module 'io_switch_bit' is unconnected for instance 'd_i' [c:/Users/cl/Desktop/OV7670_PYNQ/boards/Pynq-Z2/base/base/base.srcs/sources_1/bd/base/ipshared/6c92/src/io_switch.v:125]
WARNING: [Synth 8-7071] port 'timer_i_5' of module 'io_switch_bit' is unconnected for instance 'd_i' [c:/Users/cl/Desktop/OV7670_PYNQ/boards/Pynq-Z2/base/base/base.srcs/sources_1/bd/base/ipshared/6c92/src/io_switch.v:125]
WARNING: [Synth 8-7071] port 'timer_i_6' of module 'io_switch_bit' is unconnected for instance 'd_i' [c:/Users/cl/Desktop/OV7670_PYNQ/boards/Pynq-Z2/base/base/base.srcs/sources_1/bd/base/ipshared/6c92/src/io_switch.v:125]
WARNING: [Synth 8-7071] port 'timer_i_7' of module 'io_switch_bit' is unconnected for instance 'd_i' [c:/Users/cl/Desktop/OV7670_PYNQ/boards/Pynq-Z2/base/base/base.srcs/sources_1/bd/base/ipshared/6c92/src/io_switch.v:125]
WARNING: [Synth 8-7023] instance 'd_i' of module 'io_switch_bit' has 58 connections declared, but only 24 given [c:/Users/cl/Desktop/OV7670_PYNQ/boards/Pynq-Z2/base/base/base.srcs/sources_1/bd/base/ipshared/6c92/src/io_switch.v:125]
WARNING: [Synth 8-7071] port 'uart1_rx_i' of module 'io_switch_bit' is unconnected for instance 'd_i' [c:/Users/cl/Desktop/OV7670_PYNQ/boards/Pynq-Z2/base/base/base.srcs/sources_1/bd/base/ipshared/6c92/src/io_switch.v:125]
WARNING: [Synth 8-7071] port 'uart1_tx_o' of module 'io_switch_bit' is unconnected for instance 'd_i' [c:/Users/cl/Desktop/OV7670_PYNQ/boards/Pynq-Z2/base/base/base.srcs/sources_1/bd/base/ipshared/6c92/src/io_switch.v:125]
WARNING: [Synth 8-7071] port 'ss0_i' of module 'io_switch_bit' is unconnected for instance 'd_i' [c:/Users/cl/Desktop/OV7670_PYNQ/boards/Pynq-Z2/base/base/base.srcs/sources_1/bd/base/ipshared/6c92/src/io_switch.v:125]
WARNING: [Synth 8-7071] port 'sck1_i' of module 'io_switch_bit' is unconnected for instance 'd_i' [c:/Users/cl/Desktop/OV7670_PYNQ/boards/Pynq-Z2/base/base/base.srcs/sources_1/bd/base/ipshared/6c92/src/io_switch.v:125]
WARNING: [Synth 8-7071] port 'sck1_o' of module 'io_switch_bit' is unconnected for instance 'd_i' [c:/Users/cl/Desktop/OV7670_PYNQ/boards/Pynq-Z2/base/base/base.srcs/sources_1/bd/base/ipshared/6c92/src/io_switch.v:125]
WARNING: [Synth 8-7071] port 'sck1_t' of module 'io_switch_bit' is unconnected for instance 'd_i' [c:/Users/cl/Desktop/OV7670_PYNQ/boards/Pynq-Z2/base/base/base.srcs/sources_1/bd/base/ipshared/6c92/src/io_switch.v:125]
WARNING: [Synth 8-7071] port 'miso1_i' of module 'io_switch_bit' is unconnected for instance 'd_i' [c:/Users/cl/Desktop/OV7670_PYNQ/boards/Pynq-Z2/base/base/base.srcs/sources_1/bd/base/ipshared/6c92/src/io_switch.v:125]
WARNING: [Synth 8-7071] port 'miso1_o' of module 'io_switch_bit' is unconnected for instance 'd_i' [c:/Users/cl/Desktop/OV7670_PYNQ/boards/Pynq-Z2/base/base/base.srcs/sources_1/bd/base/ipshared/6c92/src/io_switch.v:125]
WARNING: [Synth 8-7071] port 'miso1_t' of module 'io_switch_bit' is unconnected for instance 'd_i' [c:/Users/cl/Desktop/OV7670_PYNQ/boards/Pynq-Z2/base/base/base.srcs/sources_1/bd/base/ipshared/6c92/src/io_switch.v:125]
WARNING: [Synth 8-7071] port 'mosi1_i' of module 'io_switch_bit' is unconnected for instance 'd_i' [c:/Users/cl/Desktop/OV7670_PYNQ/boards/Pynq-Z2/base/base/base.srcs/sources_1/bd/base/ipshared/6c92/src/io_switch.v:125]
WARNING: [Synth 8-7071] port 'mosi1_o' of module 'io_switch_bit' is unconnected for instance 'd_i' [c:/Users/cl/Desktop/OV7670_PYNQ/boards/Pynq-Z2/base/base/base.srcs/sources_1/bd/base/ipshared/6c92/src/io_switch.v:125]
WARNING: [Synth 8-7071] port 'mosi1_t' of module 'io_switch_bit' is unconnected for instance 'd_i' [c:/Users/cl/Desktop/OV7670_PYNQ/boards/Pynq-Z2/base/base/base.srcs/sources_1/bd/base/ipshared/6c92/src/io_switch.v:125]
WARNING: [Synth 8-7071] port 'ss1_i' of module 'io_switch_bit' is unconnected for instance 'd_i' [c:/Users/cl/Desktop/OV7670_PYNQ/boards/Pynq-Z2/base/base/base.srcs/sources_1/bd/base/ipshared/6c92/src/io_switch.v:125]
WARNING: [Synth 8-7071] port 'ss1_o' of module 'io_switch_bit' is unconnected for instance 'd_i' [c:/Users/cl/Desktop/OV7670_PYNQ/boards/Pynq-Z2/base/base/base.srcs/sources_1/bd/base/ipshared/6c92/src/io_switch.v:125]
WARNING: [Synth 8-7071] port 'ss1_t' of module 'io_switch_bit' is unconnected for instance 'd_i' [c:/Users/cl/Desktop/OV7670_PYNQ/boards/Pynq-Z2/base/base/base.srcs/sources_1/bd/base/ipshared/6c92/src/io_switch.v:125]
WARNING: [Synth 8-7071] port 'sda0_i' of module 'io_switch_bit' is unconnected for instance 'd_i' [c:/Users/cl/Desktop/OV7670_PYNQ/boards/Pynq-Z2/base/base/base.srcs/sources_1/bd/base/ipshared/6c92/src/io_switch.v:125]
WARNING: [Synth 8-7071] port 'sda0_o' of module 'io_switch_bit' is unconnected for instance 'd_i' [c:/Users/cl/Desktop/OV7670_PYNQ/boards/Pynq-Z2/base/base/base.srcs/sources_1/bd/base/ipshared/6c92/src/io_switch.v:125]
WARNING: [Synth 8-7071] port 'sda0_t' of module 'io_switch_bit' is unconnected for instance 'd_i' [c:/Users/cl/Desktop/OV7670_PYNQ/boards/Pynq-Z2/base/base/base.srcs/sources_1/bd/base/ipshared/6c92/src/io_switch.v:125]
WARNING: [Synth 8-7071] port 'scl0_i' of module 'io_switch_bit' is unconnected for instance 'd_i' [c:/Users/cl/Desktop/OV7670_PYNQ/boards/Pynq-Z2/base/base/base.srcs/sources_1/bd/base/ipshared/6c92/src/io_switch.v:125]
WARNING: [Synth 8-7071] port 'scl0_o' of module 'io_switch_bit' is unconnected for instance 'd_i' [c:/Users/cl/Desktop/OV7670_PYNQ/boards/Pynq-Z2/base/base/base.srcs/sources_1/bd/base/ipshared/6c92/src/io_switch.v:125]
WARNING: [Synth 8-7071] port 'scl0_t' of module 'io_switch_bit' is unconnected for instance 'd_i' [c:/Users/cl/Desktop/OV7670_PYNQ/boards/Pynq-Z2/base/base/base.srcs/sources_1/bd/base/ipshared/6c92/src/io_switch.v:125]
WARNING: [Synth 8-7071] port 'sda1_i' of module 'io_switch_bit' is unconnected for instance 'd_i' [c:/Users/cl/Desktop/OV7670_PYNQ/boards/Pynq-Z2/base/base/base.srcs/sources_1/bd/base/ipshared/6c92/src/io_switch.v:125]
WARNING: [Synth 8-7071] port 'sda1_o' of module 'io_switch_bit' is unconnected for instance 'd_i' [c:/Users/cl/Desktop/OV7670_PYNQ/boards/Pynq-Z2/base/base/base.srcs/sources_1/bd/base/ipshared/6c92/src/io_switch.v:125]
WARNING: [Synth 8-7071] port 'sda1_t' of module 'io_switch_bit' is unconnected for instance 'd_i' [c:/Users/cl/Desktop/OV7670_PYNQ/boards/Pynq-Z2/base/base/base.srcs/sources_1/bd/base/ipshared/6c92/src/io_switch.v:125]
WARNING: [Synth 8-7071] port 'scl1_i' of module 'io_switch_bit' is unconnected for instance 'd_i' [c:/Users/cl/Desktop/OV7670_PYNQ/boards/Pynq-Z2/base/base/base.srcs/sources_1/bd/base/ipshared/6c92/src/io_switch.v:125]
WARNING: [Synth 8-7071] port 'scl1_o' of module 'io_switch_bit' is unconnected for instance 'd_i' [c:/Users/cl/Desktop/OV7670_PYNQ/boards/Pynq-Z2/base/base/base.srcs/sources_1/bd/base/ipshared/6c92/src/io_switch.v:125]
WARNING: [Synth 8-7071] port 'scl1_t' of module 'io_switch_bit' is unconnected for instance 'd_i' [c:/Users/cl/Desktop/OV7670_PYNQ/boards/Pynq-Z2/base/base/base.srcs/sources_1/bd/base/ipshared/6c92/src/io_switch.v:125]
WARNING: [Synth 8-7071] port 'timer_i_1' of module 'io_switch_bit' is unconnected for instance 'd_i' [c:/Users/cl/Desktop/OV7670_PYNQ/boards/Pynq-Z2/base/base/base.srcs/sources_1/bd/base/ipshared/6c92/src/io_switch.v:125]
WARNING: [Synth 8-7071] port 'timer_i_2' of module 'io_switch_bit' is unconnected for instance 'd_i' [c:/Users/cl/Desktop/OV7670_PYNQ/boards/Pynq-Z2/base/base/base.srcs/sources_1/bd/base/ipshared/6c92/src/io_switch.v:125]
WARNING: [Synth 8-7071] port 'timer_i_3' of module 'io_switch_bit' is unconnected for instance 'd_i' [c:/Users/cl/Desktop/OV7670_PYNQ/boards/Pynq-Z2/base/base/base.srcs/sources_1/bd/base/ipshared/6c92/src/io_switch.v:125]
WARNING: [Synth 8-7071] port 'timer_i_4' of module 'io_switch_bit' is unconnected for instance 'd_i' [c:/Users/cl/Desktop/OV7670_PYNQ/boards/Pynq-Z2/base/base/base.srcs/sources_1/bd/base/ipshared/6c92/src/io_switch.v:125]
WARNING: [Synth 8-7071] port 'timer_i_5' of module 'io_switch_bit' is unconnected for instance 'd_i' [c:/Users/cl/Desktop/OV7670_PYNQ/boards/Pynq-Z2/base/base/base.srcs/sources_1/bd/base/ipshared/6c92/src/io_switch.v:125]
WARNING: [Synth 8-7071] port 'timer_i_6' of module 'io_switch_bit' is unconnected for instance 'd_i' [c:/Users/cl/Desktop/OV7670_PYNQ/boards/Pynq-Z2/base/base/base.srcs/sources_1/bd/base/ipshared/6c92/src/io_switch.v:125]
WARNING: [Synth 8-7071] port 'timer_i_7' of module 'io_switch_bit' is unconnected for instance 'd_i' [c:/Users/cl/Desktop/OV7670_PYNQ/boards/Pynq-Z2/base/base/base.srcs/sources_1/bd/base/ipshared/6c92/src/io_switch.v:125]
WARNING: [Synth 8-7023] instance 'd_i' of module 'io_switch_bit' has 58 connections declared, but only 24 given [c:/Users/cl/Desktop/OV7670_PYNQ/boards/Pynq-Z2/base/base/base.srcs/sources_1/bd/base/ipshared/6c92/src/io_switch.v:125]
WARNING: [Synth 8-7071] port 'uart1_rx_i' of module 'io_switch_bit' is unconnected for instance 'd_i' [c:/Users/cl/Desktop/OV7670_PYNQ/boards/Pynq-Z2/base/base/base.srcs/sources_1/bd/base/ipshared/6c92/src/io_switch.v:145]
WARNING: [Synth 8-7071] port 'uart1_tx_o' of module 'io_switch_bit' is unconnected for instance 'd_i' [c:/Users/cl/Desktop/OV7670_PYNQ/boards/Pynq-Z2/base/base/base.srcs/sources_1/bd/base/ipshared/6c92/src/io_switch.v:145]
WARNING: [Synth 8-7071] port 'ss0_i' of module 'io_switch_bit' is unconnected for instance 'd_i' [c:/Users/cl/Desktop/OV7670_PYNQ/boards/Pynq-Z2/base/base/base.srcs/sources_1/bd/base/ipshared/6c92/src/io_switch.v:145]
WARNING: [Synth 8-7071] port 'sck1_i' of module 'io_switch_bit' is unconnected for instance 'd_i' [c:/Users/cl/Desktop/OV7670_PYNQ/boards/Pynq-Z2/base/base/base.srcs/sources_1/bd/base/ipshared/6c92/src/io_switch.v:145]
WARNING: [Synth 8-7071] port 'sck1_o' of module 'io_switch_bit' is unconnected for instance 'd_i' [c:/Users/cl/Desktop/OV7670_PYNQ/boards/Pynq-Z2/base/base/base.srcs/sources_1/bd/base/ipshared/6c92/src/io_switch.v:145]
WARNING: [Synth 8-7071] port 'sck1_t' of module 'io_switch_bit' is unconnected for instance 'd_i' [c:/Users/cl/Desktop/OV7670_PYNQ/boards/Pynq-Z2/base/base/base.srcs/sources_1/bd/base/ipshared/6c92/src/io_switch.v:145]
WARNING: [Synth 8-7071] port 'miso1_i' of module 'io_switch_bit' is unconnected for instance 'd_i' [c:/Users/cl/Desktop/OV7670_PYNQ/boards/Pynq-Z2/base/base/base.srcs/sources_1/bd/base/ipshared/6c92/src/io_switch.v:145]
WARNING: [Synth 8-7071] port 'miso1_o' of module 'io_switch_bit' is unconnected for instance 'd_i' [c:/Users/cl/Desktop/OV7670_PYNQ/boards/Pynq-Z2/base/base/base.srcs/sources_1/bd/base/ipshared/6c92/src/io_switch.v:145]
WARNING: [Synth 8-7071] port 'miso1_t' of module 'io_switch_bit' is unconnected for instance 'd_i' [c:/Users/cl/Desktop/OV7670_PYNQ/boards/Pynq-Z2/base/base/base.srcs/sources_1/bd/base/ipshared/6c92/src/io_switch.v:145]
WARNING: [Synth 8-7071] port 'mosi1_i' of module 'io_switch_bit' is unconnected for instance 'd_i' [c:/Users/cl/Desktop/OV7670_PYNQ/boards/Pynq-Z2/base/base/base.srcs/sources_1/bd/base/ipshared/6c92/src/io_switch.v:145]
WARNING: [Synth 8-7071] port 'mosi1_o' of module 'io_switch_bit' is unconnected for instance 'd_i' [c:/Users/cl/Desktop/OV7670_PYNQ/boards/Pynq-Z2/base/base/base.srcs/sources_1/bd/base/ipshared/6c92/src/io_switch.v:145]
WARNING: [Synth 8-7071] port 'mosi1_t' of module 'io_switch_bit' is unconnected for instance 'd_i' [c:/Users/cl/Desktop/OV7670_PYNQ/boards/Pynq-Z2/base/base/base.srcs/sources_1/bd/base/ipshared/6c92/src/io_switch.v:145]
WARNING: [Synth 8-7071] port 'ss1_i' of module 'io_switch_bit' is unconnected for instance 'd_i' [c:/Users/cl/Desktop/OV7670_PYNQ/boards/Pynq-Z2/base/base/base.srcs/sources_1/bd/base/ipshared/6c92/src/io_switch.v:145]
WARNING: [Synth 8-7071] port 'ss1_o' of module 'io_switch_bit' is unconnected for instance 'd_i' [c:/Users/cl/Desktop/OV7670_PYNQ/boards/Pynq-Z2/base/base/base.srcs/sources_1/bd/base/ipshared/6c92/src/io_switch.v:145]
WARNING: [Synth 8-7071] port 'ss1_t' of module 'io_switch_bit' is unconnected for instance 'd_i' [c:/Users/cl/Desktop/OV7670_PYNQ/boards/Pynq-Z2/base/base/base.srcs/sources_1/bd/base/ipshared/6c92/src/io_switch.v:145]
WARNING: [Synth 8-7071] port 'sda1_i' of module 'io_switch_bit' is unconnected for instance 'd_i' [c:/Users/cl/Desktop/OV7670_PYNQ/boards/Pynq-Z2/base/base/base.srcs/sources_1/bd/base/ipshared/6c92/src/io_switch.v:145]
WARNING: [Synth 8-7071] port 'sda1_o' of module 'io_switch_bit' is unconnected for instance 'd_i' [c:/Users/cl/Desktop/OV7670_PYNQ/boards/Pynq-Z2/base/base/base.srcs/sources_1/bd/base/ipshared/6c92/src/io_switch.v:145]
WARNING: [Synth 8-7071] port 'sda1_t' of module 'io_switch_bit' is unconnected for instance 'd_i' [c:/Users/cl/Desktop/OV7670_PYNQ/boards/Pynq-Z2/base/base/base.srcs/sources_1/bd/base/ipshared/6c92/src/io_switch.v:145]
WARNING: [Synth 8-7071] port 'scl1_i' of module 'io_switch_bit' is unconnected for instance 'd_i' [c:/Users/cl/Desktop/OV7670_PYNQ/boards/Pynq-Z2/base/base/base.srcs/sources_1/bd/base/ipshared/6c92/src/io_switch.v:145]
WARNING: [Synth 8-7071] port 'scl1_o' of module 'io_switch_bit' is unconnected for instance 'd_i' [c:/Users/cl/Desktop/OV7670_PYNQ/boards/Pynq-Z2/base/base/base.srcs/sources_1/bd/base/ipshared/6c92/src/io_switch.v:145]
WARNING: [Synth 8-7071] port 'scl1_t' of module 'io_switch_bit' is unconnected for instance 'd_i' [c:/Users/cl/Desktop/OV7670_PYNQ/boards/Pynq-Z2/base/base/base.srcs/sources_1/bd/base/ipshared/6c92/src/io_switch.v:145]
WARNING: [Synth 8-7071] port 'timer_i_1' of module 'io_switch_bit' is unconnected for instance 'd_i' [c:/Users/cl/Desktop/OV7670_PYNQ/boards/Pynq-Z2/base/base/base.srcs/sources_1/bd/base/ipshared/6c92/src/io_switch.v:145]
WARNING: [Synth 8-7071] port 'timer_i_2' of module 'io_switch_bit' is unconnected for instance 'd_i' [c:/Users/cl/Desktop/OV7670_PYNQ/boards/Pynq-Z2/base/base/base.srcs/sources_1/bd/base/ipshared/6c92/src/io_switch.v:145]
WARNING: [Synth 8-7071] port 'timer_i_3' of module 'io_switch_bit' is unconnected for instance 'd_i' [c:/Users/cl/Desktop/OV7670_PYNQ/boards/Pynq-Z2/base/base/base.srcs/sources_1/bd/base/ipshared/6c92/src/io_switch.v:145]
WARNING: [Synth 8-7071] port 'timer_i_4' of module 'io_switch_bit' is unconnected for instance 'd_i' [c:/Users/cl/Desktop/OV7670_PYNQ/boards/Pynq-Z2/base/base/base.srcs/sources_1/bd/base/ipshared/6c92/src/io_switch.v:145]
WARNING: [Synth 8-7071] port 'timer_i_5' of module 'io_switch_bit' is unconnected for instance 'd_i' [c:/Users/cl/Desktop/OV7670_PYNQ/boards/Pynq-Z2/base/base/base.srcs/sources_1/bd/base/ipshared/6c92/src/io_switch.v:145]
WARNING: [Synth 8-7071] port 'timer_i_6' of module 'io_switch_bit' is unconnected for instance 'd_i' [c:/Users/cl/Desktop/OV7670_PYNQ/boards/Pynq-Z2/base/base/base.srcs/sources_1/bd/base/ipshared/6c92/src/io_switch.v:145]
WARNING: [Synth 8-7071] port 'timer_i_7' of module 'io_switch_bit' is unconnected for instance 'd_i' [c:/Users/cl/Desktop/OV7670_PYNQ/boards/Pynq-Z2/base/base/base.srcs/sources_1/bd/base/ipshared/6c92/src/io_switch.v:145]
WARNING: [Synth 8-7023] instance 'd_i' of module 'io_switch_bit' has 58 connections declared, but only 30 given [c:/Users/cl/Desktop/OV7670_PYNQ/boards/Pynq-Z2/base/base/base.srcs/sources_1/bd/base/ipshared/6c92/src/io_switch.v:145]
WARNING: [Synth 8-7071] port 'uart1_rx_i' of module 'io_switch_bit' is unconnected for instance 'd_i' [c:/Users/cl/Desktop/OV7670_PYNQ/boards/Pynq-Z2/base/base/base.srcs/sources_1/bd/base/ipshared/6c92/src/io_switch.v:145]
WARNING: [Synth 8-7071] port 'uart1_tx_o' of module 'io_switch_bit' is unconnected for instance 'd_i' [c:/Users/cl/Desktop/OV7670_PYNQ/boards/Pynq-Z2/base/base/base.srcs/sources_1/bd/base/ipshared/6c92/src/io_switch.v:145]
WARNING: [Synth 8-7071] port 'ss0_i' of module 'io_switch_bit' is unconnected for instance 'd_i' [c:/Users/cl/Desktop/OV7670_PYNQ/boards/Pynq-Z2/base/base/base.srcs/sources_1/bd/base/ipshared/6c92/src/io_switch.v:145]
WARNING: [Synth 8-7071] port 'sck1_i' of module 'io_switch_bit' is unconnected for instance 'd_i' [c:/Users/cl/Desktop/OV7670_PYNQ/boards/Pynq-Z2/base/base/base.srcs/sources_1/bd/base/ipshared/6c92/src/io_switch.v:145]
INFO: [Common 17-14] Message 'Synth 8-7071' appears 100 times and further instances of the messages will be disabled. Use the Tcl command set_msg_config to change the current settings.
WARNING: [Synth 8-7023] instance 'd_i' of module 'io_switch_bit' has 58 connections declared, but only 30 given [c:/Users/cl/Desktop/OV7670_PYNQ/boards/Pynq-Z2/base/base/base.srcs/sources_1/bd/base/ipshared/6c92/src/io_switch.v:145]
WARNING: [Synth 8-7023] instance 'd_i' of module 'io_switch_bit' has 58 connections declared, but only 24 given [c:/Users/cl/Desktop/OV7670_PYNQ/boards/Pynq-Z2/base/base/base.srcs/sources_1/bd/base/ipshared/6c92/src/io_switch.v:168]
WARNING: [Synth 8-7023] instance 'd_i' of module 'io_switch_bit' has 58 connections declared, but only 24 given [c:/Users/cl/Desktop/OV7670_PYNQ/boards/Pynq-Z2/base/base/base.srcs/sources_1/bd/base/ipshared/6c92/src/io_switch.v:168]
WARNING: [Synth 8-7023] instance 'd_i' of module 'io_switch_bit' has 58 connections declared, but only 30 given [c:/Users/cl/Desktop/OV7670_PYNQ/boards/Pynq-Z2/base/base/base.srcs/sources_1/bd/base/ipshared/6c92/src/io_switch.v:189]
WARNING: [Synth 8-7023] instance 'd_i' of module 'io_switch_bit' has 58 connections declared, but only 30 given [c:/Users/cl/Desktop/OV7670_PYNQ/boards/Pynq-Z2/base/base/base.srcs/sources_1/bd/base/ipshared/6c92/src/io_switch.v:189]
WARNING: [Synth 8-324] index 7 out of range [c:/Users/cl/Desktop/OV7670_PYNQ/boards/Pynq-Z2/base/base/base.srcs/sources_1/bd/base/ipshared/6c92/src/io_switch.v:110]
WARNING: [Synth 8-324] index 6 out of range [c:/Users/cl/Desktop/OV7670_PYNQ/boards/Pynq-Z2/base/base/base.srcs/sources_1/bd/base/ipshared/6c92/src/io_switch.v:111]
WARNING: [Synth 8-324] index 5 out of range [c:/Users/cl/Desktop/OV7670_PYNQ/boards/Pynq-Z2/base/base/base.srcs/sources_1/bd/base/ipshared/6c92/src/io_switch.v:112]
WARNING: [Synth 8-324] index 4 out of range [c:/Users/cl/Desktop/OV7670_PYNQ/boards/Pynq-Z2/base/base/base.srcs/sources_1/bd/base/ipshared/6c92/src/io_switch.v:113]
WARNING: [Synth 8-324] index 3 out of range [c:/Users/cl/Desktop/OV7670_PYNQ/boards/Pynq-Z2/base/base/base.srcs/sources_1/bd/base/ipshared/6c92/src/io_switch.v:114]
WARNING: [Synth 8-324] index 2 out of range [c:/Users/cl/Desktop/OV7670_PYNQ/boards/Pynq-Z2/base/base/base.srcs/sources_1/bd/base/ipshared/6c92/src/io_switch.v:115]
WARNING: [Synth 8-324] index 1 out of range [c:/Users/cl/Desktop/OV7670_PYNQ/boards/Pynq-Z2/base/base/base.srcs/sources_1/bd/base/ipshared/6c92/src/io_switch.v:116]
INFO: [Synth 8-6155] done synthesizing module 'io_switch' (2#1) [c:/Users/cl/Desktop/OV7670_PYNQ/boards/Pynq-Z2/base/base/base.srcs/sources_1/bd/base/ipshared/6c92/src/io_switch.v:7]
INFO: [Synth 8-6155] done synthesizing module 'io_switch_v1_1_S_AXI' (3#1) [c:/Users/cl/Desktop/OV7670_PYNQ/boards/Pynq-Z2/base/base/base.srcs/sources_1/bd/base/ipshared/6c92/hdl/io_switch_v1_1_S_AXI.v:4]
INFO: [Synth 8-6155] done synthesizing module 'io_switch_v1_1' (4#1) [c:/Users/cl/Desktop/OV7670_PYNQ/boards/Pynq-Z2/base/base/base.srcs/sources_1/bd/base/ipshared/6c92/hdl/io_switch_v1_1.v:4]
INFO: [Synth 8-6155] done synthesizing module 'base_io_switch_1' (5#1) [c:/Users/cl/Desktop/OV7670_PYNQ/boards/Pynq-Z2/base/base/base.srcs/sources_1/bd/base/ip/base_io_switch_1/synth/base_io_switch_1.v:57]
---------------------------------------------------------------------------------
Finished RTL Elaboration : Time (s): cpu = 00:00:08 ; elapsed = 00:00:08 . Memory (MB): peak = 1025.578 ; gain = 0.000
---------------------------------------------------------------------------------
---------------------------------------------------------------------------------
Start Handling Custom Attributes
---------------------------------------------------------------------------------
---------------------------------------------------------------------------------
Finished Handling Custom Attributes : Time (s): cpu = 00:00:08 ; elapsed = 00:00:09 . Memory (MB): peak = 1025.578 ; gain = 0.000
---------------------------------------------------------------------------------
---------------------------------------------------------------------------------
Finished RTL Optimization Phase 1 : Time (s): cpu = 00:00:08 ; elapsed = 00:00:09 . Memory (MB): peak = 1025.578 ; gain = 0.000
---------------------------------------------------------------------------------
Netlist sorting complete. Time (s): cpu = 00:00:00 ; elapsed = 00:00:00.047 . Memory (MB): peak = 1025.578 ; gain = 0.000
INFO: [Project 1-570] Preparing netlist for logic optimization

Processing XDC Constraints
Initializing timing engine
Completed Processing XDC Constraints

Netlist sorting complete. Time (s): cpu = 00:00:00 ; elapsed = 00:00:00 . Memory (MB): peak = 1113.926 ; gain = 0.000
INFO: [Project 1-111] Unisim Transformation Summary:
No Unisim elements were transformed.

Constraint Validation Runtime : Time (s): cpu = 00:00:00 ; elapsed = 00:00:00.052 . Memory (MB): peak = 1113.934 ; gain = 0.008
---------------------------------------------------------------------------------
Finished Constraint Validation : Time (s): cpu = 00:00:18 ; elapsed = 00:00:20 . Memory (MB): peak = 1113.934 ; gain = 88.355
---------------------------------------------------------------------------------
---------------------------------------------------------------------------------
Start Loading Part and Timing Information
---------------------------------------------------------------------------------
Loading part: xc7z020clg400-1
---------------------------------------------------------------------------------
Finished Loading Part and Timing Information : Time (s): cpu = 00:00:18 ; elapsed = 00:00:20 . Memory (MB): peak = 1113.934 ; gain = 88.355
---------------------------------------------------------------------------------
---------------------------------------------------------------------------------
Start Applying 'set_property' XDC Constraints
---------------------------------------------------------------------------------
---------------------------------------------------------------------------------
Finished applying 'set_property' XDC Constraints : Time (s): cpu = 00:00:18 ; elapsed = 00:00:20 . Memory (MB): peak = 1113.934 ; gain = 88.355
---------------------------------------------------------------------------------
---------------------------------------------------------------------------------
Finished RTL Optimization Phase 2 : Time (s): cpu = 00:00:18 ; elapsed = 00:00:21 . Memory (MB): peak = 1113.934 ; gain = 88.355
---------------------------------------------------------------------------------
---------------------------------------------------------------------------------
Start RTL Component Statistics 
---------------------------------------------------------------------------------
Detailed RTL Component Info : 
+---Registers : 
	               32 Bit    Registers := 9     
	                6 Bit    Registers := 2     
	                2 Bit    Registers := 2     
	                1 Bit    Registers := 6     
+---Muxes : 
	   2 Input   32 Bit        Muxes := 8     
	  10 Input   32 Bit        Muxes := 8     
	  25 Input   24 Bit        Muxes := 8     
	   2 Input   24 Bit        Muxes := 8     
	  32 Input    1 Bit        Muxes := 8     
	   2 Input    1 Bit        Muxes := 21    
---------------------------------------------------------------------------------
Finished RTL Component Statistics 
---------------------------------------------------------------------------------
---------------------------------------------------------------------------------
Start Part Resource Summary
---------------------------------------------------------------------------------
Part Resources:
DSPs: 220 (col length:60)
BRAMs: 280 (col length: RAMB18 60 RAMB36 30)
---------------------------------------------------------------------------------
Finished Part Resource Summary
---------------------------------------------------------------------------------
---------------------------------------------------------------------------------
Start Cross Boundary and Area Optimization
---------------------------------------------------------------------------------
---------------------------------------------------------------------------------
Finished Cross Boundary and Area Optimization : Time (s): cpu = 00:00:24 ; elapsed = 00:00:28 . Memory (MB): peak = 1113.934 ; gain = 88.355
---------------------------------------------------------------------------------
---------------------------------------------------------------------------------
Start Applying XDC Timing Constraints
---------------------------------------------------------------------------------
---------------------------------------------------------------------------------
Finished Applying XDC Timing Constraints : Time (s): cpu = 00:00:35 ; elapsed = 00:00:40 . Memory (MB): peak = 1113.934 ; gain = 88.355
---------------------------------------------------------------------------------
---------------------------------------------------------------------------------
Start Timing Optimization
---------------------------------------------------------------------------------
---------------------------------------------------------------------------------
Finished Timing Optimization : Time (s): cpu = 00:00:35 ; elapsed = 00:00:41 . Memory (MB): peak = 1113.934 ; gain = 88.355
---------------------------------------------------------------------------------
---------------------------------------------------------------------------------
Start Technology Mapping
---------------------------------------------------------------------------------
---------------------------------------------------------------------------------
Finished Technology Mapping : Time (s): cpu = 00:00:35 ; elapsed = 00:00:41 . Memory (MB): peak = 1113.934 ; gain = 88.355
---------------------------------------------------------------------------------
---------------------------------------------------------------------------------
Start IO Insertion
---------------------------------------------------------------------------------
---------------------------------------------------------------------------------
Start Flattening Before IO Insertion
---------------------------------------------------------------------------------
---------------------------------------------------------------------------------
Finished Flattening Before IO Insertion
---------------------------------------------------------------------------------
---------------------------------------------------------------------------------
Start Final Netlist Cleanup
---------------------------------------------------------------------------------
---------------------------------------------------------------------------------
Finished Final Netlist Cleanup
---------------------------------------------------------------------------------
---------------------------------------------------------------------------------
Finished IO Insertion : Time (s): cpu = 00:00:40 ; elapsed = 00:00:46 . Memory (MB): peak = 1113.934 ; gain = 88.355
---------------------------------------------------------------------------------
---------------------------------------------------------------------------------
Start Renaming Generated Instances
---------------------------------------------------------------------------------
---------------------------------------------------------------------------------
Finished Renaming Generated Instances : Time (s): cpu = 00:00:40 ; elapsed = 00:00:46 . Memory (MB): peak = 1113.934 ; gain = 88.355
---------------------------------------------------------------------------------
---------------------------------------------------------------------------------
Start Rebuilding User Hierarchy
---------------------------------------------------------------------------------
---------------------------------------------------------------------------------
Finished Rebuilding User Hierarchy : Time (s): cpu = 00:00:40 ; elapsed = 00:00:46 . Memory (MB): peak = 1113.934 ; gain = 88.355
---------------------------------------------------------------------------------
---------------------------------------------------------------------------------
Start Renaming Generated Ports
---------------------------------------------------------------------------------
---------------------------------------------------------------------------------
Finished Renaming Generated Ports : Time (s): cpu = 00:00:40 ; elapsed = 00:00:46 . Memory (MB): peak = 1113.934 ; gain = 88.355
---------------------------------------------------------------------------------
---------------------------------------------------------------------------------
Start Handling Custom Attributes
---------------------------------------------------------------------------------
---------------------------------------------------------------------------------
Finished Handling Custom Attributes : Time (s): cpu = 00:00:40 ; elapsed = 00:00:47 . Memory (MB): peak = 1113.934 ; gain = 88.355
---------------------------------------------------------------------------------
---------------------------------------------------------------------------------
Start Renaming Generated Nets
---------------------------------------------------------------------------------
---------------------------------------------------------------------------------
Finished Renaming Generated Nets : Time (s): cpu = 00:00:40 ; elapsed = 00:00:47 . Memory (MB): peak = 1113.934 ; gain = 88.355
---------------------------------------------------------------------------------
---------------------------------------------------------------------------------
Start Writing Synthesis Report
---------------------------------------------------------------------------------

Report BlackBoxes: 
+-+--------------+----------+
| |BlackBox name |Instances |
+-+--------------+----------+
+-+--------------+----------+

Report Cell Usage: 
+------+-----+------+
|      |Cell |Count |
+------+-----+------+
|1     |LUT1 |     1|
|2     |LUT2 |    24|
|3     |LUT3 |    22|
|4     |LUT4 |    53|
|5     |LUT5 |    22|
|6     |LUT6 |   229|
|7     |FDRE |   301|
|8     |FDSE |     1|
+------+-----+------+
---------------------------------------------------------------------------------
Finished Writing Synthesis Report : Time (s): cpu = 00:00:40 ; elapsed = 00:00:47 . Memory (MB): peak = 1113.934 ; gain = 88.355
---------------------------------------------------------------------------------
Synthesis finished with 0 errors, 0 critical warnings and 0 warnings.
Synthesis Optimization Runtime : Time (s): cpu = 00:00:30 ; elapsed = 00:00:43 . Memory (MB): peak = 1113.934 ; gain = 0.000
Synthesis Optimization Complete : Time (s): cpu = 00:00:41 ; elapsed = 00:00:47 . Memory (MB): peak = 1113.934 ; gain = 88.355
INFO: [Project 1-571] Translating synthesized netlist
Netlist sorting complete. Time (s): cpu = 00:00:00 ; elapsed = 00:00:00.018 . Memory (MB): peak = 1113.934 ; gain = 0.000
INFO: [Project 1-570] Preparing netlist for logic optimization
INFO: [Opt 31-138] Pushed 0 inverter(s) to 0 load pin(s).
Netlist sorting complete. Time (s): cpu = 00:00:00 ; elapsed = 00:00:00.001 . Memory (MB): peak = 1113.934 ; gain = 0.000
INFO: [Project 1-111] Unisim Transformation Summary:
No Unisim elements were transformed.

INFO: [Common 17-83] Releasing license: Synthesis
28 Infos, 129 Warnings, 0 Critical Warnings and 0 Errors encountered.
synth_design completed successfully
synth_design: Time (s): cpu = 00:00:48 ; elapsed = 00:00:57 . Memory (MB): peak = 1113.934 ; gain = 88.355
INFO: [Common 17-1381] The checkpoint 'C:/Users/cl/Desktop/OV7670_PYNQ/boards/Pynq-Z2/base/base/base.runs/base_io_switch_1_synth_1/base_io_switch_1.dcp' has been generated.
WARNING: [Common 17-576] 'use_project_ipc' is deprecated. This option is deprecated and no longer used.
INFO: [Coretcl 2-1648] Added synthesis output to IP cache for IP base_io_switch_1, cache-ID = 52c44e2aae9fb53f
INFO: [Coretcl 2-1174] Renamed 2 cell refs.
INFO: [Common 17-1381] The checkpoint 'C:/Users/cl/Desktop/OV7670_PYNQ/boards/Pynq-Z2/base/base/base.runs/base_io_switch_1_synth_1/base_io_switch_1.dcp' has been generated.
INFO: [runtcl-4] Executing : report_utilization -file base_io_switch_1_utilization_synth.rpt -pb base_io_switch_1_utilization_synth.pb
INFO: [Common 17-206] Exiting Vivado at Sun May 16 23:32:47 2021...
