Copyright 1986-2020 Xilinx, Inc. All Rights Reserved.
----------------------------------------------------------------------------------------------------------------------------------------------------------
| Tool Version     : Vivado v.2020.1.1 (win64) Build 2960000 Wed Aug  5 22:57:20 MDT 2020
| Date             : Mon May 17 06:15:28 2021
| Host             : DESKTOP-LL0QRS1 running 64-bit major release  (build 9200)
| Command          : report_power -file base_wrapper_power_routed.rpt -pb base_wrapper_power_summary_routed.pb -rpx base_wrapper_power_routed.rpx
| Design           : base_wrapper
| Device           : xc7z020clg400-1
| Design State     : routed
| Grade            : commercial
| Process          : typical
| Characterization : Production
----------------------------------------------------------------------------------------------------------------------------------------------------------

Power Report

Table of Contents
-----------------
1. Summary
1.1 On-Chip Components
1.2 Power Supply Summary
1.3 Confidence Level
2. Settings
2.1 Environment
2.2 Clock Constraints
3. Detailed Reports
3.1 By Hierarchy

1. Summary
----------

+--------------------------+--------------+
| Total On-Chip Power (W)  | 2.583        |
| Design Power Budget (W)  | Unspecified* |
| Power Budget Margin (W)  | NA           |
| Dynamic (W)              | 2.401        |
| Device Static (W)        | 0.182        |
| Effective TJA (C/W)      | 11.5         |
| Max Ambient (C)          | 55.2         |
| Junction Temperature (C) | 54.8         |
| Confidence Level         | Low          |
| Setting File             | ---          |
| Simulation Activity File | ---          |
| Design Nets Matched      | NA           |
+--------------------------+--------------+
* Specify Design Power Budget using, set_operating_conditions -design_power_budget <value in Watts>


1.1 On-Chip Components
----------------------

+--------------------------+-----------+----------+-----------+-----------------+
| On-Chip                  | Power (W) | Used     | Available | Utilization (%) |
+--------------------------+-----------+----------+-----------+-----------------+
| Clocks                   |     0.165 |       22 |       --- |             --- |
| Slice Logic              |     0.093 |   107792 |       --- |             --- |
|   LUT as Logic           |     0.077 |    35050 |     53200 |           65.88 |
|   Register               |     0.007 |    53546 |    106400 |           50.33 |
|   CARRY4                 |     0.004 |     1423 |     13300 |           10.70 |
|   LUT as Distributed RAM |     0.003 |      430 |     17400 |            2.47 |
|   F7/F8 Muxes            |    <0.001 |     1062 |     53200 |            2.00 |
|   LUT as Shift Register  |    <0.001 |     1274 |     17400 |            7.32 |
|   BUFG                   |    <0.001 |        1 |        32 |            3.13 |
|   Others                 |    <0.001 |     5629 |       --- |             --- |
| Signals                  |     0.149 |    77182 |       --- |             --- |
| Block RAM                |     0.106 |       81 |       140 |           57.86 |
| MMCM                     |     0.407 |        4 |         4 |          100.00 |
| DSPs                     |     0.019 |       18 |       220 |            8.18 |
| I/O                      |     0.188 |       83 |       125 |           66.40 |
| XADC                     |     0.002 |        1 |       --- |             --- |
| PS7                      |     1.272 |        1 |       --- |             --- |
| Static Power             |     0.182 |          |           |                 |
| Total                    |     2.583 |          |           |                 |
+--------------------------+-----------+----------+-----------+-----------------+


1.2 Power Supply Summary
------------------------

+-----------+-------------+-----------+-------------+------------+-------------+-------------+------------+
| Source    | Voltage (V) | Total (A) | Dynamic (A) | Static (A) | Powerup (A) | Budget (A)  | Margin (A) |
+-----------+-------------+-----------+-------------+------------+-------------+-------------+------------+
| Vccint    |       1.000 |     0.559 |       0.533 |      0.026 |       NA    | Unspecified | NA         |
| Vccaux    |       1.800 |     0.261 |       0.242 |      0.019 |       NA    | Unspecified | NA         |
| Vcco33    |       3.300 |     0.047 |       0.046 |      0.001 |       NA    | Unspecified | NA         |
| Vcco25    |       2.500 |     0.000 |       0.000 |      0.000 |       NA    | Unspecified | NA         |
| Vcco18    |       1.800 |     0.000 |       0.000 |      0.000 |       NA    | Unspecified | NA         |
| Vcco15    |       1.500 |     0.000 |       0.000 |      0.000 |       NA    | Unspecified | NA         |
| Vcco135   |       1.350 |     0.000 |       0.000 |      0.000 |       NA    | Unspecified | NA         |
| Vcco12    |       1.200 |     0.000 |       0.000 |      0.000 |       NA    | Unspecified | NA         |
| Vccaux_io |       1.800 |     0.000 |       0.000 |      0.000 |       NA    | Unspecified | NA         |
| Vccbram   |       1.000 |     0.018 |       0.009 |      0.009 |       NA    | Unspecified | NA         |
| MGTAVcc   |       1.000 |     0.000 |       0.000 |      0.000 |       NA    | Unspecified | NA         |
| MGTAVtt   |       1.200 |     0.000 |       0.000 |      0.000 |       NA    | Unspecified | NA         |
| MGTVccaux |       1.800 |     0.000 |       0.000 |      0.000 |       NA    | Unspecified | NA         |
| Vccpint   |       1.000 |     0.706 |       0.663 |      0.043 |       NA    | Unspecified | NA         |
| Vccpaux   |       1.800 |     0.037 |       0.026 |      0.010 |       NA    | Unspecified | NA         |
| Vccpll    |       1.800 |     0.017 |       0.014 |      0.003 |       NA    | Unspecified | NA         |
| Vcco_ddr  |       1.500 |     0.354 |       0.352 |      0.002 |       NA    | Unspecified | NA         |
| Vcco_mio0 |       1.800 |     0.004 |       0.003 |      0.001 |       NA    | Unspecified | NA         |
| Vcco_mio1 |       1.800 |     0.003 |       0.002 |      0.001 |       NA    | Unspecified | NA         |
| Vccadc    |       1.800 |     0.021 |       0.001 |      0.020 |       NA    | Unspecified | NA         |
+-----------+-------------+-----------+-------------+------------+-------------+-------------+------------+


1.3 Confidence Level
--------------------

+-----------------------------+------------+--------------------------------------------------------+------------------------------------------------------------------------------------------------------------+
| User Input Data             | Confidence | Details                                                | Action                                                                                                     |
+-----------------------------+------------+--------------------------------------------------------+------------------------------------------------------------------------------------------------------------+
| Design implementation state | High       | Design is routed                                       |                                                                                                            |
| Clock nodes activity        | High       | User specified more than 95% of clocks                 |                                                                                                            |
| I/O nodes activity          | Low        | More than 75% of inputs are missing user specification | Provide missing input activity with simulation results or by editing the "By Resource Type -> I/Os" view   |
| Internal nodes activity     | Medium     | User specified less than 25% of internal nodes         | Provide missing internal nodes activity with simulation results or by editing the "By Resource Type" views |
| Device models               | High       | Device models are Production                           |                                                                                                            |
|                             |            |                                                        |                                                                                                            |
| Overall confidence level    | Low        |                                                        |                                                                                                            |
+-----------------------------+------------+--------------------------------------------------------+------------------------------------------------------------------------------------------------------------+


2. Settings
-----------

2.1 Environment
---------------

+-----------------------+------------------------+
| Ambient Temp (C)      | 25.0                   |
| ThetaJA (C/W)         | 11.5                   |
| Airflow (LFM)         | 250                    |
| Heat Sink             | none                   |
| ThetaSA (C/W)         | 0.0                    |
| Board Selection       | medium (10"x10")       |
| # of Board Layers     | 8to11 (8 to 11 Layers) |
| Board Temperature (C) | 25.0                   |
+-----------------------+------------------------+


2.2 Clock Constraints
---------------------

+--------------------------------------------------------+--------------------------------------------------------------------------------------+-----------------+
| Clock                                                  | Domain                                                                               | Constraint (ns) |
+--------------------------------------------------------+--------------------------------------------------------------------------------------+-----------------+
| CLKFBIN                                                | base_i/video/hdmi_in/frontend/dvi2rgb_0/U0/TMDS_ClockingX/CLKFBIN                    |             8.3 |
| CLK_OUT_5x_hdmi_clk                                    | base_i/video/hdmi_in/frontend/dvi2rgb_0/U0/TMDS_ClockingX/CLK_OUT_5x_hdmi_clk        |             1.7 |
| I                                                      | base_i/video/hdmi_out/frontend/axi_dynclk/U0/Inst_mmcme2_drp/I                       |             2.0 |
| I                                                      | base_i/video/hdmi_out/frontend/axi_dynclk/U0/PXL_CLK_5X_O                            |             2.0 |
| axi_dynclk_0_PXL_CLK_O                                 | base_i/video/hdmi_out/frontend/axi_dynclk/U0/PXL_CLK_O                               |            10.0 |
| base_i/mdm_1/U0/Use_E2.BSCAN_I/Use_E2.BSCANE2_I/DRCK   | base_i/mdm_1/U0/Use_E2.BSCAN_I/DRCK                                                  |            33.3 |
| base_i/mdm_1/U0/Use_E2.BSCAN_I/Use_E2.BSCANE2_I/UPDATE | base_i/mdm_1/U0/Use_E2.BSCAN_I/Dbg_Update_0                                          |            33.3 |
| clk_fpga_0                                             | base_i/ps7_0/inst/FCLK_CLK0                                                          |            10.0 |
| clk_fpga_0                                             | base_i/ps7_0/inst/FCLK_CLK_unbuffered[0]                                             |            10.0 |
| clk_fpga_1                                             | base_i/ps7_0/inst/FCLK_CLK_unbuffered[1]                                             |             7.0 |
| clk_fpga_2                                             | base_i/ps7_0/inst/FCLK_CLK_unbuffered[2]                                             |             5.0 |
| clk_fpga_3                                             | base_i/ps7_0/inst/FCLK_CLK_unbuffered[3]                                             |            10.0 |
| clk_out1_base_clk_wiz_0_0                              | base_i/clk_wiz_0/inst/clk_out1_base_clk_wiz_0_0                                      |           100.0 |
| clk_out1_base_clk_wiz_10MHz_0                          | base_i/clk_wiz_10MHz/inst/clk_out1_base_clk_wiz_10MHz_0                              |           100.0 |
| clkfbout_base_clk_wiz_0_0                              | base_i/clk_wiz_0/inst/clkfbout_base_clk_wiz_0_0                                      |            20.0 |
| clkfbout_base_clk_wiz_10MHz_0                          | base_i/clk_wiz_10MHz/inst/clkfbout_base_clk_wiz_10MHz_0                              |            20.0 |
| hdmi_in_PixelClk                                       | base_i/video/hdmi_in/frontend/dvi2rgb_0/U0/TMDS_ClockingX/rMMCM_LckdRisingFlag_reg_0 |             8.3 |
| hdmi_in_clk_p                                          | hdmi_in_clk_p                                                                        |             8.3 |
| mmcm_fbclk_out                                         | base_i/video/hdmi_out/frontend/axi_dynclk/U0/Inst_mmcme2_drp/mmcm_fbclk_out          |            10.0 |
+--------------------------------------------------------+--------------------------------------------------------------------------------------+-----------------+


3. Detailed Reports
-------------------

3.1 By Hierarchy
----------------

+-------------------------------+-----------+
| Name                          | Power (W) |
+-------------------------------+-----------+
| base_wrapper                  |     2.401 |
|   IIC_1_scl_iobuf             |     0.005 |
|   IIC_1_sda_iobuf             |     0.005 |
|   base_i                      |     2.377 |
|     audio_codec_ctrl_0        |     0.001 |
|       U0                      |     0.001 |
|     axi_bram_ctrl_0           |     0.002 |
|       U0                      |     0.002 |
|     axi_interconnect_0        |     0.005 |
|       xbar                    |     0.005 |
|     axi_mem_intercon          |     0.002 |
|     axi_protocol_convert_0    |     0.001 |
|       inst                    |     0.001 |
|     blk_mem_gen_0             |     0.002 |
|       U0                      |     0.002 |
|     camera_capture_0          |     0.007 |
|       inst                    |     0.007 |
|     clk_wiz_0                 |     0.106 |
|       inst                    |     0.106 |
|     clk_wiz_10MHz             |     0.107 |
|       inst                    |     0.107 |
|     iop_arduino               |     0.089 |
|       arduino_gpio            |     0.001 |
|       iic_direct              |     0.002 |
|       intc                    |     0.001 |
|       io_switch               |     0.001 |
|       lmb                     |     0.025 |
|       mb                      |     0.012 |
|       mb_bram_ctrl            |     0.002 |
|       microblaze_0_axi_periph |     0.012 |
|       spi_subsystem           |     0.008 |
|       timers_subsystem        |     0.020 |
|       xadc                    |     0.003 |
|     iop_pmoda                 |     0.058 |
|       iic                     |     0.002 |
|       io_switch               |     0.001 |
|       lmb                     |     0.024 |
|       mb                      |     0.012 |
|       mb_bram_ctrl            |     0.002 |
|       microblaze_0_axi_periph |     0.008 |
|       spi                     |     0.004 |
|       timer                   |     0.003 |
|     iop_pmodb                 |     0.060 |
|       iic                     |     0.002 |
|       io_switch               |     0.001 |
|       lmb                     |     0.026 |
|       mb                      |     0.012 |
|       mb_bram_ctrl            |     0.002 |
|       microblaze_0_axi_periph |     0.008 |
|       spi                     |     0.004 |
|       timer                   |     0.003 |
|     iop_rpi                   |     0.071 |
|       iic_subsystem           |     0.003 |
|       io_switch               |     0.001 |
|       lmb                     |     0.024 |
|       mb                      |     0.012 |
|       mb_bram_ctrl            |     0.002 |
|       microblaze_0_axi_periph |     0.010 |
|       rpi_gpio                |     0.002 |
|       spi_subsystem           |     0.008 |
|       timers_subsystem        |     0.007 |
|     ps7_0                     |     1.276 |
|       inst                    |     1.276 |
|     ps7_0_axi_periph          |     0.046 |
|       m00_couplers            |     0.004 |
|       m01_couplers            |     0.001 |
|       m02_couplers            |     0.004 |
|       m03_couplers            |     0.004 |
|       m04_couplers            |     0.004 |
|       m05_couplers            |     0.004 |
|       m06_couplers            |     0.001 |
|       m07_couplers            |     0.004 |
|       m08_couplers            |     0.001 |
|       m09_couplers            |     0.004 |
|       s00_couplers            |     0.002 |
|       xbar                    |     0.011 |
|     ps7_0_axi_periph1         |     0.014 |
|       m00_couplers            |     0.001 |
|       m01_couplers            |     0.001 |
|       m02_couplers            |     0.002 |
|       m03_couplers            |     0.002 |
|       s00_couplers            |     0.002 |
|       xbar                    |     0.006 |
|     ps7_0_axi_periph_1        |     0.004 |
|       s00_couplers            |     0.003 |
|       xbar                    |     0.001 |
|     system_interrupts         |     0.001 |
|       U0                      |     0.001 |
|     trace_analyzer_pi         |     0.010 |
|       axi_dma_0               |     0.006 |
|       axis_data_fifo_0        |     0.001 |
|       trace_cntrl_64_0        |     0.003 |
|     trace_analyzer_pmodb      |     0.008 |
|       axi_dma_0               |     0.005 |
|       axis_data_fifo_0        |     0.001 |
|       trace_cntrl_32_0        |     0.002 |
|     video                     |     0.504 |
|       axi_interconnect_0      |     0.016 |
|       axi_mem_intercon        |     0.005 |
|       axi_vdma                |     0.025 |
|       hdmi_in                 |     0.172 |
|       hdmi_out                |     0.287 |
|   pmoda_rpi_gpio_tri_iobuf_0  |     0.001 |
|   pmoda_rpi_gpio_tri_iobuf_1  |     0.001 |
|   pmoda_rpi_gpio_tri_iobuf_3  |     0.001 |
|   pmoda_rpi_gpio_tri_iobuf_4  |     0.001 |
|   pmoda_rpi_gpio_tri_iobuf_5  |     0.001 |
|   pmoda_rpi_gpio_tri_iobuf_6  |     0.001 |
+-------------------------------+-----------+


