Copyright 1986-2020 Xilinx, Inc. All Rights Reserved.
------------------------------------------------------------------------------------------
| Tool Version : Vivado v.2020.1.1 (win64) Build 2960000 Wed Aug  5 22:57:20 MDT 2020
| Date         : Mon May 17 06:15:37 2021
| Host         : DESKTOP-LL0QRS1 running 64-bit major release  (build 9200)
| Command      : report_clock_utilization -file base_wrapper_clock_utilization_routed.rpt
| Design       : base_wrapper
| Device       : 7z020-clg400
| Speed File   : -1  PRODUCTION 1.12 2019-11-22
| Design State : Routed
------------------------------------------------------------------------------------------

Clock Utilization Report

Table of Contents
-----------------
1. Clock Primitive Utilization
2. Global Clock Resources
3. Global Clock Source Details
4. Clock Regions: Key Resource Utilization
5. Clock Regions : Global Clock Summary
6. Device Cell Placement Summary for Global Clock g0
7. Device Cell Placement Summary for Global Clock g1
8. Device Cell Placement Summary for Global Clock g2
9. Device Cell Placement Summary for Global Clock g3
10. Device Cell Placement Summary for Global Clock g4
11. Device Cell Placement Summary for Global Clock g5
12. Device Cell Placement Summary for Global Clock g6
13. Device Cell Placement Summary for Global Clock g7
14. Device Cell Placement Summary for Global Clock g8
15. Device Cell Placement Summary for Global Clock g9
16. Device Cell Placement Summary for Global Clock g10
17. Device Cell Placement Summary for Global Clock g11
18. Clock Region Cell Placement per Global Clock: Region X0Y0
19. Clock Region Cell Placement per Global Clock: Region X1Y0
20. Clock Region Cell Placement per Global Clock: Region X0Y1
21. Clock Region Cell Placement per Global Clock: Region X1Y1
22. Clock Region Cell Placement per Global Clock: Region X0Y2
23. Clock Region Cell Placement per Global Clock: Region X1Y2

1. Clock Primitive Utilization
------------------------------

+----------+------+-----------+-----+--------------+--------+
| Type     | Used | Available | LOC | Clock Region | Pblock |
+----------+------+-----------+-----+--------------+--------+
| BUFGCTRL |   10 |        32 |   0 |            0 |      0 |
| BUFH     |    0 |        72 |   0 |            0 |      0 |
| BUFIO    |    2 |        16 |   0 |            0 |      0 |
| BUFMR    |    0 |         8 |   0 |            0 |      0 |
| BUFR     |    2 |        16 |   0 |            0 |      0 |
| MMCM     |    4 |         4 |   0 |            0 |      0 |
| PLL      |    0 |         4 |   0 |            0 |      0 |
+----------+------+-----------+-----+--------------+--------+


2. Global Clock Resources
-------------------------

+-----------+-----------+-----------------+------------+----------------+--------------+-------------------+-------------+-----------------+--------------+--------------------------------------------------------+----------------------------------------------------------------------------+--------------------------------------------------------------------------------------+
| Global Id | Source Id | Driver Type/Pin | Constraint | Site           | Clock Region | Load Clock Region | Clock Loads | Non-Clock Loads | Clock Period | Clock                                                  | Driver Pin                                                                 | Net                                                                                  |
+-----------+-----------+-----------------+------------+----------------+--------------+-------------------+-------------+-----------------+--------------+--------------------------------------------------------+----------------------------------------------------------------------------+--------------------------------------------------------------------------------------+
| g0        | src0      | BUFG/O          | None       | BUFGCTRL_X0Y16 | n/a          |                 6 |       35532 |               0 |       10.000 | clk_fpga_0                                             | base_i/ps7_0/inst/buffer_fclk_clk_0.FCLK_CLK_0_BUFG/O                      | base_i/ps7_0/inst/FCLK_CLK0                                                          |
| g1        | src0      | BUFG/O          | None       | BUFGCTRL_X0Y17 | n/a          |                 5 |        7841 |               0 |        7.000 | clk_fpga_1                                             | base_i/ps7_0/inst/buffer_fclk_clk_1.FCLK_CLK_1_BUFG/O                      | base_i/ps7_0/inst/FCLK_CLK1                                                          |
| g2        | src0      | BUFG/O          | None       | BUFGCTRL_X0Y18 | n/a          |                 5 |        5775 |               0 |       10.000 | clk_fpga_3                                             | base_i/ps7_0/inst/buffer_fclk_clk_3.FCLK_CLK_3_BUFG/O                      | base_i/ps7_0/inst/FCLK_CLK3                                                          |
| g3        | src1      | BUFR/O          | None       | BUFR_X1Y5      | X1Y1         |                 1 |        2832 |               0 |        8.334 | hdmi_in_PixelClk                                       | base_i/video/hdmi_in/frontend/dvi2rgb_0/U0/TMDS_ClockingX/PixelClkBuffer/O | base_i/video/hdmi_in/frontend/dvi2rgb_0/U0/TMDS_ClockingX/rMMCM_LckdRisingFlag_reg_0 |
| g4        | src2      | BUFR/O          | None       | BUFR_X1Y9      | X1Y2         |                 1 |        2624 |               0 |       10.000 | axi_dynclk_0_PXL_CLK_O                                 | base_i/video/hdmi_out/frontend/axi_dynclk/U0/BUFR_inst/O                   | base_i/video/hdmi_out/frontend/axi_dynclk/U0/PXL_CLK_O                               |
| g5        | src3      | BUFG/O          | None       | BUFGCTRL_X0Y2  | n/a          |                 3 |         661 |               0 |       33.333 | base_i/mdm_1/U0/Use_E2.BSCAN_I/Use_E2.BSCANE2_I/DRCK   | base_i/mdm_1/U0/No_Dbg_Reg_Access.BUFG_DRCK/Using_FPGA.Native/O            | base_i/mdm_1/U0/No_Dbg_Reg_Access.BUFG_DRCK/Ext_JTAG_DRCK                            |
| g6        | src0      | BUFG/O          | None       | BUFGCTRL_X0Y19 | n/a          |                 2 |         164 |               0 |        5.000 | clk_fpga_2                                             | base_i/ps7_0/inst/buffer_fclk_clk_2.FCLK_CLK_2_BUFG/O                      | base_i/ps7_0/inst/FCLK_CLK2                                                          |
| g7        | src4      | BUFG/O          | None       | BUFGCTRL_X0Y3  | n/a          |                 1 |         129 |               0 |              |                                                        | pclk0_IBUF_BUFG_inst/O                                                     | pclk0_IBUF_BUFG                                                                      |
| g8        | src3      | BUFG/O          | None       | BUFGCTRL_X0Y4  | n/a          |                 3 |          76 |               1 |       33.333 | base_i/mdm_1/U0/Use_E2.BSCAN_I/Use_E2.BSCANE2_I/UPDATE | base_i/mdm_1/U0/Use_E2.BSCAN_I/Dbg_Update_0_BUFG_inst/O                    | base_i/mdm_1/U0/Use_E2.BSCAN_I/Dbg_Update_0_BUFG                                     |
| g9        | src5      | BUFG/O          | None       | BUFGCTRL_X0Y5  | n/a          |                 1 |           1 |               0 |       20.000 | clkfbout_base_clk_wiz_10MHz_0                          | base_i/clk_wiz_10MHz/inst/clkf_buf/O                                       | base_i/clk_wiz_10MHz/inst/clkfbout_buf_base_clk_wiz_10MHz_0                          |
| g10       | src6      | BUFG/O          | None       | BUFGCTRL_X0Y0  | n/a          |                 1 |           0 |               1 |      100.000 | clk_out1_base_clk_wiz_0_0                              | base_i/clk_wiz_0/inst/clkout1_buf/O                                        | base_i/clk_wiz_0/inst/clk_out1                                                       |
| g11       | src5      | BUFG/O          | None       | BUFGCTRL_X0Y1  | n/a          |                 1 |           0 |               1 |      100.000 | clk_out1_base_clk_wiz_10MHz_0                          | base_i/clk_wiz_10MHz/inst/clkout1_buf/O                                    | base_i/clk_wiz_10MHz/inst/clk_out1                                                   |
+-----------+-----------+-----------------+------------+----------------+--------------+-------------------+-------------+-----------------+--------------+--------------------------------------------------------+----------------------------------------------------------------------------+--------------------------------------------------------------------------------------+
* Clock Loads column represents the clock pin loads (pin count)
** Non-Clock Loads column represents the non-clock pin loads (pin count)


3. Global Clock Source Details
------------------------------

+-----------+-----------+---------------------+------------+-----------------+--------------+-------------+-----------------+---------------------+--------------------------------------------------------+------------------------------------------------------------------------------------+-------------------------------------------------------------------------------+
| Source Id | Global Id | Driver Type/Pin     | Constraint | Site            | Clock Region | Clock Loads | Non-Clock Loads | Source Clock Period | Source Clock                                           | Driver Pin                                                                         | Net                                                                           |
+-----------+-----------+---------------------+------------+-----------------+--------------+-------------+-----------------+---------------------+--------------------------------------------------------+------------------------------------------------------------------------------------+-------------------------------------------------------------------------------+
| src0      | g0        | PS7/FCLKCLK[0]      | PS7_X0Y0   | PS7_X0Y0        | X0Y2         |           1 |               0 |              10.000 | clk_fpga_0                                             | base_i/ps7_0/inst/PS7_i/FCLKCLK[0]                                                 | base_i/ps7_0/inst/FCLK_CLK_unbuffered[0]                                      |
| src0      | g1        | PS7/FCLKCLK[1]      | PS7_X0Y0   | PS7_X0Y0        | X0Y2         |           1 |               0 |               7.000 | clk_fpga_1                                             | base_i/ps7_0/inst/PS7_i/FCLKCLK[1]                                                 | base_i/ps7_0/inst/FCLK_CLK_unbuffered[1]                                      |
| src0      | g6        | PS7/FCLKCLK[2]      | PS7_X0Y0   | PS7_X0Y0        | X0Y2         |           1 |               0 |               5.000 | clk_fpga_2                                             | base_i/ps7_0/inst/PS7_i/FCLKCLK[2]                                                 | base_i/ps7_0/inst/FCLK_CLK_unbuffered[2]                                      |
| src0      | g2        | PS7/FCLKCLK[3]      | PS7_X0Y0   | PS7_X0Y0        | X0Y2         |           1 |               0 |              10.000 | clk_fpga_3                                             | base_i/ps7_0/inst/PS7_i/FCLKCLK[3]                                                 | base_i/ps7_0/inst/FCLK_CLK_unbuffered[3]                                      |
| src1      | g3,       | MMCME2_ADV/CLKOUT0  | None       | MMCME2_ADV_X1Y1 | X1Y1         |           2 |               0 |               1.667 | CLK_OUT_5x_hdmi_clk                                    | base_i/video/hdmi_in/frontend/dvi2rgb_0/U0/TMDS_ClockingX/DVI_ClkGenerator/CLKOUT0 | base_i/video/hdmi_in/frontend/dvi2rgb_0/U0/TMDS_ClockingX/CLK_OUT_5x_hdmi_clk |
| src2      | g4,       | MMCME2_ADV/CLKOUT0  | None       | MMCME2_ADV_X1Y2 | X1Y2         |           2 |               0 |               2.000 | I                                                      | base_i/video/hdmi_out/frontend/axi_dynclk/U0/Inst_mmcme2_drp/mmcm_adv_inst/CLKOUT0 | base_i/video/hdmi_out/frontend/axi_dynclk/U0/Inst_mmcme2_drp/I                |
| src3      | g5        | BSCANE2/DRCK        | None       | BSCAN_X0Y1      | X1Y1         |           1 |               0 |              33.333 | base_i/mdm_1/U0/Use_E2.BSCAN_I/Use_E2.BSCANE2_I/DRCK   | base_i/mdm_1/U0/Use_E2.BSCAN_I/Use_E2.BSCANE2_I/DRCK                               | base_i/mdm_1/U0/Use_E2.BSCAN_I/DRCK                                           |
| src3      | g8        | BSCANE2/UPDATE      | None       | BSCAN_X0Y1      | X1Y1         |           1 |               0 |              33.333 | base_i/mdm_1/U0/Use_E2.BSCAN_I/Use_E2.BSCANE2_I/UPDATE | base_i/mdm_1/U0/Use_E2.BSCAN_I/Use_E2.BSCANE2_I/UPDATE                             | base_i/mdm_1/U0/Use_E2.BSCAN_I/Dbg_Update_0                                   |
| src4      | g7        | IBUF/O              | IOB_X1Y66  | IOB_X1Y66       | X1Y1         |           1 |               0 |                     |                                                        | pclk0_IBUF_inst/O                                                                  | pclk0_IBUF                                                                    |
| src5      | g11       | MMCME2_ADV/CLKOUT0  | None       | MMCME2_ADV_X1Y0 | X1Y0         |           1 |               0 |             100.000 | clk_out1_base_clk_wiz_10MHz_0                          | base_i/clk_wiz_10MHz/inst/mmcm_adv_inst/CLKOUT0                                    | base_i/clk_wiz_10MHz/inst/clk_out1_base_clk_wiz_10MHz_0                       |
| src5      | g9        | MMCME2_ADV/CLKFBOUT | None       | MMCME2_ADV_X1Y0 | X1Y0         |           1 |               0 |              20.000 | clkfbout_base_clk_wiz_10MHz_0                          | base_i/clk_wiz_10MHz/inst/mmcm_adv_inst/CLKFBOUT                                   | base_i/clk_wiz_10MHz/inst/clkfbout_base_clk_wiz_10MHz_0                       |
| src6      | g10       | MMCME2_ADV/CLKOUT0  | None       | MMCME2_ADV_X0Y0 | X0Y0         |           1 |               0 |             100.000 | clk_out1_base_clk_wiz_0_0                              | base_i/clk_wiz_0/inst/mmcm_adv_inst/CLKOUT0                                        | base_i/clk_wiz_0/inst/clk_out1_base_clk_wiz_0_0                               |
+-----------+-----------+---------------------+------------+-----------------+--------------+-------------+-----------------+---------------------+--------------------------------------------------------+------------------------------------------------------------------------------------+-------------------------------------------------------------------------------+
* Clock Loads column represents the clock pin loads (pin count)
** Non-Clock Loads column represents the non-clock pin loads (pin count)


4. Clock Regions: Key Resource Utilization
------------------------------------------

+-------------------+--------------+--------------+--------------+--------------+--------------+--------------+--------------+--------------+--------------+--------------+---------------+--------------+--------------+--------------+--------------+
|                   | Global Clock |     BUFRs    |    BUFMRs    |    BUFIOs    |     MMCM     |      PLL     |      GT      |      PCI     |    ILOGIC    |    OLOGIC    |       FF      |     LUTM     |    RAMB18    |    RAMB36    |    DSP48E2   |
+-------------------+------+-------+------+-------+------+-------+------+-------+------+-------+------+-------+------+-------+------+-------+------+-------+------+-------+-------+-------+------+-------+------+-------+------+-------+------+-------+
| Clock Region Name | Used | Avail | Used | Avail | Used | Avail | Used | Avail | Used | Avail | Used | Avail | Used | Avail | Used | Avail | Used | Avail | Used | Avail | Used  | Avail | Used | Avail | Used | Avail | Used | Avail | Used | Avail |
+-------------------+------+-------+------+-------+------+-------+------+-------+------+-------+------+-------+------+-------+------+-------+------+-------+------+-------+-------+-------+------+-------+------+-------+------+-------+------+-------+
| X0Y0              |    6 |    12 |    0 |     4 |    0 |     2 |    0 |     4 |    1 |     1 |    0 |     1 |    0 |     0 |    0 |     0 |    0 |    50 |    0 |    50 | 10880 |  2500 | 4807 |  1000 |    0 |    60 |   24 |    30 |    0 |    60 |
| X1Y0              |    7 |    12 |    0 |     4 |    0 |     2 |    0 |     4 |    1 |     1 |    0 |     1 |    0 |     0 |    0 |     0 |    0 |    50 |    0 |    50 | 13166 |  3200 | 3574 |   850 |    0 |    60 |   25 |    30 |   18 |    40 |
| X0Y1              |    3 |    12 |    0 |     0 |    0 |     0 |    0 |     0 |    0 |     0 |    0 |     0 |    0 |     0 |    0 |     0 |    0 |     0 |    0 |     0 |  5278 |  1200 | 1771 |   400 |    0 |    20 |    7 |    10 |    0 |    20 |
| X1Y1              |    9 |    12 |    1 |     4 |    0 |     2 |    1 |     4 |    0 |     1 |    0 |     1 |    0 |     0 |    0 |     0 |    8 |    50 |    0 |    50 | 10231 |  2600 | 3266 |   850 |    0 |    60 |   22 |    30 |    0 |    40 |
| X0Y2              |    3 |    12 |    0 |     0 |    0 |     0 |    0 |     0 |    0 |     0 |    0 |     0 |    0 |     0 |    0 |     0 |    0 |     0 |    0 |     0 |  4061 |  1200 | 1437 |   400 |    0 |    20 |    0 |    10 |    0 |    20 |
| X1Y2              |    4 |    12 |    1 |     4 |    0 |     2 |    1 |     4 |    1 |     1 |    0 |     1 |    0 |     0 |    0 |     0 |    0 |    50 |    9 |    50 |  9933 |  2600 | 3208 |   850 |    0 |    60 |    1 |    30 |    0 |    40 |
+-------------------+------+-------+------+-------+------+-------+------+-------+------+-------+------+-------+------+-------+------+-------+------+-------+------+-------+-------+-------+------+-------+------+-------+------+-------+------+-------+
* Global Clock column represents track count; while other columns represents cell counts


5. Clock Regions : Global Clock Summary
---------------------------------------

All Modules
+----+----+----+
|    | X0 | X1 |
+----+----+----+
| Y2 |  3 |  4 |
| Y1 |  3 |  9 |
| Y0 |  6 |  7 |
+----+----+----+


6. Device Cell Placement Summary for Global Clock g0
----------------------------------------------------

+-----------+-----------------+-------------------+------------+-------------+---------------+-------------+----------+----------------+----------+-----------------------------+
| Global Id | Driver Type/Pin | Driver Region (D) | Clock      | Period (ns) | Waveform (ns) | Slice Loads | IO Loads | Clocking Loads | GT Loads | Net                         |
+-----------+-----------------+-------------------+------------+-------------+---------------+-------------+----------+----------------+----------+-----------------------------+
| g0        | BUFG/O          | n/a               | clk_fpga_0 |      10.000 | {0.000 5.000} |       35370 |        0 |              3 |        0 | base_i/ps7_0/inst/FCLK_CLK0 |
+-----------+-----------------+-------------------+------------+-------------+---------------+-------------+----------+----------------+----------+-----------------------------+
* Slice Loads column represents load cell count of all cell types other than IO, GT and clock resources
** IO Loads column represents load cell count of IO types
*** Clocking Loads column represents load cell count that are clock resources (global clock buffer, MMCM, PLL, etc)
**** GT Loads column represents load cell count of GT types


+----+-------+--------+
|    | X0    | X1     |
+----+-------+--------+
| Y2 |  3692 |   7378 |
| Y1 |  3660 |   7378 |
| Y0 |  3218 |  10047 |
+----+-------+--------+


7. Device Cell Placement Summary for Global Clock g1
----------------------------------------------------

+-----------+-----------------+-------------------+------------+-------------+---------------+-------------+----------+----------------+----------+-----------------------------+
| Global Id | Driver Type/Pin | Driver Region (D) | Clock      | Period (ns) | Waveform (ns) | Slice Loads | IO Loads | Clocking Loads | GT Loads | Net                         |
+-----------+-----------------+-------------------+------------+-------------+---------------+-------------+----------+----------------+----------+-----------------------------+
| g1        | BUFG/O          | n/a               | clk_fpga_1 |       7.000 | {0.000 3.500} |        7830 |        0 |              0 |        0 | base_i/ps7_0/inst/FCLK_CLK1 |
+-----------+-----------------+-------------------+------------+-------------+---------------+-------------+----------+----------------+----------+-----------------------------+
* Slice Loads column represents load cell count of all cell types other than IO, GT and clock resources
** IO Loads column represents load cell count of IO types
*** Clocking Loads column represents load cell count that are clock resources (global clock buffer, MMCM, PLL, etc)
**** GT Loads column represents load cell count of GT types


+----+-------+-------+
|    | X0    | X1    |
+----+-------+-------+
| Y2 |     1 |    33 |
| Y1 |     0 |    89 |
| Y0 |  4819 |  2888 |
+----+-------+-------+


8. Device Cell Placement Summary for Global Clock g2
----------------------------------------------------

+-----------+-----------------+-------------------+------------+-------------+---------------+-------------+----------+----------------+----------+-----------------------------+
| Global Id | Driver Type/Pin | Driver Region (D) | Clock      | Period (ns) | Waveform (ns) | Slice Loads | IO Loads | Clocking Loads | GT Loads | Net                         |
+-----------+-----------------+-------------------+------------+-------------+---------------+-------------+----------+----------------+----------+-----------------------------+
| g2        | BUFG/O          | n/a               | clk_fpga_3 |      10.000 | {0.000 5.000} |        5761 |        0 |              0 |        0 | base_i/ps7_0/inst/FCLK_CLK3 |
+-----------+-----------------+-------------------+------------+-------------+---------------+-------------+----------+----------------+----------+-----------------------------+
* Slice Loads column represents load cell count of all cell types other than IO, GT and clock resources
** IO Loads column represents load cell count of IO types
*** Clocking Loads column represents load cell count that are clock resources (global clock buffer, MMCM, PLL, etc)
**** GT Loads column represents load cell count of GT types


+----+-------+-----+
|    | X0    | X1  |
+----+-------+-----+
| Y2 |   571 |   0 |
| Y1 |  1739 |  71 |
| Y0 |  3334 |  46 |
+----+-------+-----+


9. Device Cell Placement Summary for Global Clock g3
----------------------------------------------------

+-----------+-----------------+-------------------+------------------+-------------+---------------+-------------+----------+----------------+----------+--------------------------------------------------------------------------------------+
| Global Id | Driver Type/Pin | Driver Region (D) | Clock            | Period (ns) | Waveform (ns) | Slice Loads | IO Loads | Clocking Loads | GT Loads | Net                                                                                  |
+-----------+-----------------+-------------------+------------------+-------------+---------------+-------------+----------+----------------+----------+--------------------------------------------------------------------------------------+
| g3        | BUFR/O          | X1Y1              | hdmi_in_PixelClk |       8.334 | {0.000 3.334} |        2820 |        6 |              0 |        0 | base_i/video/hdmi_in/frontend/dvi2rgb_0/U0/TMDS_ClockingX/rMMCM_LckdRisingFlag_reg_0 |
+-----------+-----------------+-------------------+------------------+-------------+---------------+-------------+----------+----------------+----------+--------------------------------------------------------------------------------------+
* Slice Loads column represents load cell count of all cell types other than IO, GT and clock resources
** IO Loads column represents load cell count of IO types
*** Clocking Loads column represents load cell count that are clock resources (global clock buffer, MMCM, PLL, etc)
**** GT Loads column represents load cell count of GT types


+----+----+-----------+
|    | X0 | X1        |
+----+----+-----------+
| Y2 |  0 |         0 |
| Y1 |  0 |  (D) 2826 |
| Y0 |  0 |         0 |
+----+----+-----------+


10. Device Cell Placement Summary for Global Clock g4
-----------------------------------------------------

+-----------+-----------------+-------------------+------------------------+-------------+---------------+-------------+----------+----------------+----------+--------------------------------------------------------+
| Global Id | Driver Type/Pin | Driver Region (D) | Clock                  | Period (ns) | Waveform (ns) | Slice Loads | IO Loads | Clocking Loads | GT Loads | Net                                                    |
+-----------+-----------------+-------------------+------------------------+-------------+---------------+-------------+----------+----------------+----------+--------------------------------------------------------+
| g4        | BUFR/O          | X1Y2              | axi_dynclk_0_PXL_CLK_O |      10.000 | {0.000 4.000} |        2616 |        8 |              0 |        0 | base_i/video/hdmi_out/frontend/axi_dynclk/U0/PXL_CLK_O |
+-----------+-----------------+-------------------+------------------------+-------------+---------------+-------------+----------+----------------+----------+--------------------------------------------------------+
* Slice Loads column represents load cell count of all cell types other than IO, GT and clock resources
** IO Loads column represents load cell count of IO types
*** Clocking Loads column represents load cell count that are clock resources (global clock buffer, MMCM, PLL, etc)
**** GT Loads column represents load cell count of GT types


+----+----+-----------+
|    | X0 | X1        |
+----+----+-----------+
| Y2 |  0 |  (D) 2624 |
| Y1 |  0 |         0 |
| Y0 |  0 |         0 |
+----+----+-----------+


11. Device Cell Placement Summary for Global Clock g5
-----------------------------------------------------

+-----------+-----------------+-------------------+------------------------------------------------------+-------------+----------------+-------------+----------+----------------+----------+-----------------------------------------------------------+
| Global Id | Driver Type/Pin | Driver Region (D) | Clock                                                | Period (ns) | Waveform (ns)  | Slice Loads | IO Loads | Clocking Loads | GT Loads | Net                                                       |
+-----------+-----------------+-------------------+------------------------------------------------------+-------------+----------------+-------------+----------+----------------+----------+-----------------------------------------------------------+
| g5        | BUFG/O          | n/a               | base_i/mdm_1/U0/Use_E2.BSCAN_I/Use_E2.BSCANE2_I/DRCK |      33.333 | {0.000 16.667} |         661 |        0 |              0 |        0 | base_i/mdm_1/U0/No_Dbg_Reg_Access.BUFG_DRCK/Ext_JTAG_DRCK |
+-----------+-----------------+-------------------+------------------------------------------------------+-------------+----------------+-------------+----------+----------------+----------+-----------------------------------------------------------+
* Slice Loads column represents load cell count of all cell types other than IO, GT and clock resources
** IO Loads column represents load cell count of IO types
*** Clocking Loads column represents load cell count that are clock resources (global clock buffer, MMCM, PLL, etc)
**** GT Loads column represents load cell count of GT types


+----+-----+------+
|    | X0  | X1   |
+----+-----+------+
| Y2 |   0 |    0 |
| Y1 |   0 |  137 |
| Y0 |  50 |  474 |
+----+-----+------+


12. Device Cell Placement Summary for Global Clock g6
-----------------------------------------------------

+-----------+-----------------+-------------------+------------+-------------+---------------+-------------+----------+----------------+----------+-----------------------------+
| Global Id | Driver Type/Pin | Driver Region (D) | Clock      | Period (ns) | Waveform (ns) | Slice Loads | IO Loads | Clocking Loads | GT Loads | Net                         |
+-----------+-----------------+-------------------+------------+-------------+---------------+-------------+----------+----------------+----------+-----------------------------+
| g6        | BUFG/O          | n/a               | clk_fpga_2 |       5.000 | {0.000 2.500} |         164 |        0 |              0 |        0 | base_i/ps7_0/inst/FCLK_CLK2 |
+-----------+-----------------+-------------------+------------+-------------+---------------+-------------+----------+----------------+----------+-----------------------------+
* Slice Loads column represents load cell count of all cell types other than IO, GT and clock resources
** IO Loads column represents load cell count of IO types
*** Clocking Loads column represents load cell count that are clock resources (global clock buffer, MMCM, PLL, etc)
**** GT Loads column represents load cell count of GT types


+----+----+------+
|    | X0 | X1   |
+----+----+------+
| Y2 |  0 |    0 |
| Y1 |  0 |  101 |
| Y0 |  0 |   63 |
+----+----+------+


13. Device Cell Placement Summary for Global Clock g7
-----------------------------------------------------

+-----------+-----------------+-------------------+-------+-------------+---------------+-------------+----------+----------------+----------+-----------------+
| Global Id | Driver Type/Pin | Driver Region (D) | Clock | Period (ns) | Waveform (ns) | Slice Loads | IO Loads | Clocking Loads | GT Loads | Net             |
+-----------+-----------------+-------------------+-------+-------------+---------------+-------------+----------+----------------+----------+-----------------+
| g7        | BUFG/O          | n/a               |       |             |               |         129 |        0 |              0 |        0 | pclk0_IBUF_BUFG |
+-----------+-----------------+-------------------+-------+-------------+---------------+-------------+----------+----------------+----------+-----------------+
* Slice Loads column represents load cell count of all cell types other than IO, GT and clock resources
** IO Loads column represents load cell count of IO types
*** Clocking Loads column represents load cell count that are clock resources (global clock buffer, MMCM, PLL, etc)
**** GT Loads column represents load cell count of GT types


+----+------+----+
|    | X0   | X1 |
+----+------+----+
| Y2 |    0 |  0 |
| Y1 |  129 |  0 |
| Y0 |    0 |  0 |
+----+------+----+


14. Device Cell Placement Summary for Global Clock g8
-----------------------------------------------------

+-----------+-----------------+-------------------+--------------------------------------------------------+-------------+----------------+-------------+----------+----------------+----------+--------------------------------------------------+
| Global Id | Driver Type/Pin | Driver Region (D) | Clock                                                  | Period (ns) | Waveform (ns)  | Slice Loads | IO Loads | Clocking Loads | GT Loads | Net                                              |
+-----------+-----------------+-------------------+--------------------------------------------------------+-------------+----------------+-------------+----------+----------------+----------+--------------------------------------------------+
| g8        | BUFG/O          | n/a               | base_i/mdm_1/U0/Use_E2.BSCAN_I/Use_E2.BSCANE2_I/UPDATE |      33.333 | {0.000 16.667} |          77 |        0 |              0 |        0 | base_i/mdm_1/U0/Use_E2.BSCAN_I/Dbg_Update_0_BUFG |
+-----------+-----------------+-------------------+--------------------------------------------------------+-------------+----------------+-------------+----------+----------------+----------+--------------------------------------------------+
* Slice Loads column represents load cell count of all cell types other than IO, GT and clock resources
** IO Loads column represents load cell count of IO types
*** Clocking Loads column represents load cell count that are clock resources (global clock buffer, MMCM, PLL, etc)
**** GT Loads column represents load cell count of GT types


+----+----+-----+
|    | X0 | X1  |
+----+----+-----+
| Y2 |  0 |   0 |
| Y1 |  0 |  11 |
| Y0 |  9 |  57 |
+----+----+-----+


15. Device Cell Placement Summary for Global Clock g9
-----------------------------------------------------

+-----------+-----------------+-------------------+-------------------------------+-------------+----------------+-------------+----------+----------------+----------+-------------------------------------------------------------+
| Global Id | Driver Type/Pin | Driver Region (D) | Clock                         | Period (ns) | Waveform (ns)  | Slice Loads | IO Loads | Clocking Loads | GT Loads | Net                                                         |
+-----------+-----------------+-------------------+-------------------------------+-------------+----------------+-------------+----------+----------------+----------+-------------------------------------------------------------+
| g9        | BUFG/O          | n/a               | clkfbout_base_clk_wiz_10MHz_0 |      20.000 | {0.000 10.000} |           0 |        0 |              1 |        0 | base_i/clk_wiz_10MHz/inst/clkfbout_buf_base_clk_wiz_10MHz_0 |
+-----------+-----------------+-------------------+-------------------------------+-------------+----------------+-------------+----------+----------------+----------+-------------------------------------------------------------+
* Slice Loads column represents load cell count of all cell types other than IO, GT and clock resources
** IO Loads column represents load cell count of IO types
*** Clocking Loads column represents load cell count that are clock resources (global clock buffer, MMCM, PLL, etc)
**** GT Loads column represents load cell count of GT types


+----+----+----+
|    | X0 | X1 |
+----+----+----+
| Y2 |  0 |  0 |
| Y1 |  0 |  0 |
| Y0 |  0 |  1 |
+----+----+----+


16. Device Cell Placement Summary for Global Clock g10
------------------------------------------------------

+-----------+-----------------+-------------------+---------------------------+-------------+----------------+-------------+----------+----------------+----------+--------------------------------+
| Global Id | Driver Type/Pin | Driver Region (D) | Clock                     | Period (ns) | Waveform (ns)  | Slice Loads | IO Loads | Clocking Loads | GT Loads | Net                            |
+-----------+-----------------+-------------------+---------------------------+-------------+----------------+-------------+----------+----------------+----------+--------------------------------+
| g10       | BUFG/O          | n/a               | clk_out1_base_clk_wiz_0_0 |     100.000 | {0.000 50.000} |           0 |        1 |              0 |        0 | base_i/clk_wiz_0/inst/clk_out1 |
+-----------+-----------------+-------------------+---------------------------+-------------+----------------+-------------+----------+----------------+----------+--------------------------------+
* Slice Loads column represents load cell count of all cell types other than IO, GT and clock resources
** IO Loads column represents load cell count of IO types
*** Clocking Loads column represents load cell count that are clock resources (global clock buffer, MMCM, PLL, etc)
**** GT Loads column represents load cell count of GT types


+----+----+----+
|    | X0 | X1 |
+----+----+----+
| Y2 |  0 |  0 |
| Y1 |  0 |  1 |
| Y0 |  0 |  0 |
+----+----+----+


17. Device Cell Placement Summary for Global Clock g11
------------------------------------------------------

+-----------+-----------------+-------------------+-------------------------------+-------------+----------------+-------------+----------+----------------+----------+------------------------------------+
| Global Id | Driver Type/Pin | Driver Region (D) | Clock                         | Period (ns) | Waveform (ns)  | Slice Loads | IO Loads | Clocking Loads | GT Loads | Net                                |
+-----------+-----------------+-------------------+-------------------------------+-------------+----------------+-------------+----------+----------------+----------+------------------------------------+
| g11       | BUFG/O          | n/a               | clk_out1_base_clk_wiz_10MHz_0 |     100.000 | {0.000 50.000} |           0 |        1 |              0 |        0 | base_i/clk_wiz_10MHz/inst/clk_out1 |
+-----------+-----------------+-------------------+-------------------------------+-------------+----------------+-------------+----------+----------------+----------+------------------------------------+
* Slice Loads column represents load cell count of all cell types other than IO, GT and clock resources
** IO Loads column represents load cell count of IO types
*** Clocking Loads column represents load cell count that are clock resources (global clock buffer, MMCM, PLL, etc)
**** GT Loads column represents load cell count of GT types


+----+----+----+
|    | X0 | X1 |
+----+----+----+
| Y2 |  0 |  0 |
| Y1 |  0 |  0 |
| Y0 |  1 |  0 |
+----+----+----+


18. Clock Region Cell Placement per Global Clock: Region X0Y0
-------------------------------------------------------------

+-----------+-------+-----------------+------------+-------------+-----------------+------+--------+------+-----+----+------+-----+---------+-----------------------------------------------------------+
| Global Id | Track | Driver Type/Pin | Constraint | Clock Loads | Non-Clock Loads | FF   | LUTRAM | RAMB | DSP | GT | MMCM | PLL | Hard IP | Net                                                       |
+-----------+-------+-----------------+------------+-------------+-----------------+------+--------+------+-----+----+------+-----+---------+-----------------------------------------------------------+
| g0        | n/a   | BUFG/O          | None       |        3218 |               0 | 3146 |     54 |   17 |   0 |  0 |    1 |   0 |       0 | base_i/ps7_0/inst/FCLK_CLK0                               |
| g1        | n/a   | BUFG/O          | None       |        4819 |               0 | 4527 |    286 |    5 |   0 |  0 |    0 |   0 |       0 | base_i/ps7_0/inst/FCLK_CLK1                               |
| g2        | n/a   | BUFG/O          | None       |        3334 |               0 | 3148 |    184 |    2 |   0 |  0 |    0 |   0 |       0 | base_i/ps7_0/inst/FCLK_CLK3                               |
| g5        | n/a   | BUFG/O          | None       |          50 |               0 |   50 |      0 |    0 |   0 |  0 |    0 |   0 |       0 | base_i/mdm_1/U0/No_Dbg_Reg_Access.BUFG_DRCK/Ext_JTAG_DRCK |
| g8        | n/a   | BUFG/O          | None       |           9 |               0 |    9 |      0 |    0 |   0 |  0 |    0 |   0 |       0 | base_i/mdm_1/U0/Use_E2.BSCAN_I/Dbg_Update_0_BUFG          |
| g11       | n/a   | BUFG/O          | None       |           0 |               1 |    0 |      0 |    0 |   0 |  0 |    0 |   0 |       0 | base_i/clk_wiz_10MHz/inst/clk_out1                        |
+-----------+-------+-----------------+------------+-------------+-----------------+------+--------+------+-----+----+------+-----+---------+-----------------------------------------------------------+
* Clock Loads column represents the clock pin loads (pin count)
** Non-Clock Loads column represents the non-clock pin loads (pin count)
*** Columns FF, LUTRAM, RAMB through 'Hard IP' represents load cell counts


19. Clock Region Cell Placement per Global Clock: Region X1Y0
-------------------------------------------------------------

+-----------+-------+-----------------+------------+-------------+-----------------+------+--------+------+-----+----+------+-----+---------+-------------------------------------------------------------+
| Global Id | Track | Driver Type/Pin | Constraint | Clock Loads | Non-Clock Loads | FF   | LUTRAM | RAMB | DSP | GT | MMCM | PLL | Hard IP | Net                                                         |
+-----------+-------+-----------------+------------+-------------+-----------------+------+--------+------+-----+----+------+-----+---------+-------------------------------------------------------------+
| g0        | n/a   | BUFG/O          | None       |       10047 |               0 | 9773 |    248 |   25 |   0 |  0 |    1 |   0 |       0 | base_i/ps7_0/inst/FCLK_CLK0                                 |
| g1        | n/a   | BUFG/O          | None       |        2888 |               0 | 2806 |     64 |    0 |  18 |  0 |    0 |   0 |       0 | base_i/ps7_0/inst/FCLK_CLK1                                 |
| g2        | n/a   | BUFG/O          | None       |          46 |               0 |   46 |      0 |    0 |   0 |  0 |    0 |   0 |       0 | base_i/ps7_0/inst/FCLK_CLK3                                 |
| g5        | n/a   | BUFG/O          | None       |         474 |               0 |  422 |     52 |    0 |   0 |  0 |    0 |   0 |       0 | base_i/mdm_1/U0/No_Dbg_Reg_Access.BUFG_DRCK/Ext_JTAG_DRCK   |
| g6        | n/a   | BUFG/O          | None       |          63 |               0 |   63 |      0 |    0 |   0 |  0 |    0 |   0 |       0 | base_i/ps7_0/inst/FCLK_CLK2                                 |
| g8        | n/a   | BUFG/O          | None       |          56 |               1 |   56 |      0 |    0 |   0 |  0 |    0 |   0 |       0 | base_i/mdm_1/U0/Use_E2.BSCAN_I/Dbg_Update_0_BUFG            |
| g9        | n/a   | BUFG/O          | None       |           1 |               0 |    0 |      0 |    0 |   0 |  0 |    1 |   0 |       0 | base_i/clk_wiz_10MHz/inst/clkfbout_buf_base_clk_wiz_10MHz_0 |
+-----------+-------+-----------------+------------+-------------+-----------------+------+--------+------+-----+----+------+-----+---------+-------------------------------------------------------------+
* Clock Loads column represents the clock pin loads (pin count)
** Non-Clock Loads column represents the non-clock pin loads (pin count)
*** Columns FF, LUTRAM, RAMB through 'Hard IP' represents load cell counts


20. Clock Region Cell Placement per Global Clock: Region X0Y1
-------------------------------------------------------------

+-----------+-------+-----------------+------------+-------------+-----------------+------+--------+------+-----+----+------+-----+---------+-----------------------------+
| Global Id | Track | Driver Type/Pin | Constraint | Clock Loads | Non-Clock Loads | FF   | LUTRAM | RAMB | DSP | GT | MMCM | PLL | Hard IP | Net                         |
+-----------+-------+-----------------+------------+-------------+-----------------+------+--------+------+-----+----+------+-----+---------+-----------------------------+
| g0        | n/a   | BUFG/O          | None       |        3660 |               0 | 3532 |    122 |    6 |   0 |  0 |    0 |   0 |       0 | base_i/ps7_0/inst/FCLK_CLK0 |
| g2        | n/a   | BUFG/O          | None       |        1739 |               0 | 1617 |    120 |    1 |   0 |  0 |    0 |   0 |       0 | base_i/ps7_0/inst/FCLK_CLK3 |
| g7        | n/a   | BUFG/O          | None       |         129 |               0 |  129 |      0 |    0 |   0 |  0 |    0 |   0 |       0 | pclk0_IBUF_BUFG             |
+-----------+-------+-----------------+------------+-------------+-----------------+------+--------+------+-----+----+------+-----+---------+-----------------------------+
* Clock Loads column represents the clock pin loads (pin count)
** Non-Clock Loads column represents the non-clock pin loads (pin count)
*** Columns FF, LUTRAM, RAMB through 'Hard IP' represents load cell counts


21. Clock Region Cell Placement per Global Clock: Region X1Y1
-------------------------------------------------------------

+-----------+-------+-----------------+------------+-------------+-----------------+------+--------+------+-----+----+------+-----+---------+--------------------------------------------------------------------------------------+
| Global Id | Track | Driver Type/Pin | Constraint | Clock Loads | Non-Clock Loads | FF   | LUTRAM | RAMB | DSP | GT | MMCM | PLL | Hard IP | Net                                                                                  |
+-----------+-------+-----------------+------------+-------------+-----------------+------+--------+------+-----+----+------+-----+---------+--------------------------------------------------------------------------------------+
| g0        | n/a   | BUFG/O          | None       |        7378 |               0 | 7035 |    325 |   18 |   0 |  0 |    0 |   0 |       0 | base_i/ps7_0/inst/FCLK_CLK0                                                          |
| g1        | n/a   | BUFG/O          | None       |          89 |               0 |   86 |      0 |    3 |   0 |  0 |    0 |   0 |       0 | base_i/ps7_0/inst/FCLK_CLK1                                                          |
| g2        | n/a   | BUFG/O          | None       |          71 |               0 |   69 |      0 |    1 |   0 |  0 |    0 |   0 |       0 | base_i/ps7_0/inst/FCLK_CLK3                                                          |
| g3        | n/a   | BUFR/O          | None       |        2826 |               0 | 2808 |      6 |    3 |   0 |  0 |    0 |   0 |       0 | base_i/video/hdmi_in/frontend/dvi2rgb_0/U0/TMDS_ClockingX/rMMCM_LckdRisingFlag_reg_0 |
| g5        | n/a   | BUFG/O          | None       |         137 |               0 |  122 |     15 |    0 |   0 |  0 |    0 |   0 |       0 | base_i/mdm_1/U0/No_Dbg_Reg_Access.BUFG_DRCK/Ext_JTAG_DRCK                            |
| g6        | n/a   | BUFG/O          | None       |         101 |               0 |  100 |      0 |    0 |   0 |  0 |    0 |   0 |       0 | base_i/ps7_0/inst/FCLK_CLK2                                                          |
| g8        | n/a   | BUFG/O          | None       |          11 |               0 |   11 |      0 |    0 |   0 |  0 |    0 |   0 |       0 | base_i/mdm_1/U0/Use_E2.BSCAN_I/Dbg_Update_0_BUFG                                     |
| g10       | n/a   | BUFG/O          | None       |           0 |               1 |    0 |      0 |    0 |   0 |  0 |    0 |   0 |       0 | base_i/clk_wiz_0/inst/clk_out1                                                       |
+-----------+-------+-----------------+------------+-------------+-----------------+------+--------+------+-----+----+------+-----+---------+--------------------------------------------------------------------------------------+
* Clock Loads column represents the clock pin loads (pin count)
** Non-Clock Loads column represents the non-clock pin loads (pin count)
*** Columns FF, LUTRAM, RAMB through 'Hard IP' represents load cell counts


22. Clock Region Cell Placement per Global Clock: Region X0Y2
-------------------------------------------------------------

+-----------+-------+-----------------+------------+-------------+-----------------+------+--------+------+-----+----+------+-----+---------+-----------------------------+
| Global Id | Track | Driver Type/Pin | Constraint | Clock Loads | Non-Clock Loads | FF   | LUTRAM | RAMB | DSP | GT | MMCM | PLL | Hard IP | Net                         |
+-----------+-------+-----------------+------------+-------------+-----------------+------+--------+------+-----+----+------+-----+---------+-----------------------------+
| g0        | n/a   | BUFG/O          | None       |        3692 |               0 | 3522 |    169 |    0 |   0 |  0 |    0 |   0 |       0 | base_i/ps7_0/inst/FCLK_CLK0 |
| g1        | n/a   | BUFG/O          | None       |           1 |               0 |    0 |      0 |    0 |   0 |  0 |    0 |   0 |       0 | base_i/ps7_0/inst/FCLK_CLK1 |
| g2        | n/a   | BUFG/O          | None       |         571 |               0 |  539 |     31 |    0 |   0 |  0 |    0 |   0 |       0 | base_i/ps7_0/inst/FCLK_CLK3 |
+-----------+-------+-----------------+------------+-------------+-----------------+------+--------+------+-----+----+------+-----+---------+-----------------------------+
* Clock Loads column represents the clock pin loads (pin count)
** Non-Clock Loads column represents the non-clock pin loads (pin count)
*** Columns FF, LUTRAM, RAMB through 'Hard IP' represents load cell counts


23. Clock Region Cell Placement per Global Clock: Region X1Y2
-------------------------------------------------------------

+-----------+-------+-----------------+------------+-------------+-----------------+------+--------+------+-----+----+------+-----+---------+--------------------------------------------------------+
| Global Id | Track | Driver Type/Pin | Constraint | Clock Loads | Non-Clock Loads | FF   | LUTRAM | RAMB | DSP | GT | MMCM | PLL | Hard IP | Net                                                    |
+-----------+-------+-----------------+------------+-------------+-----------------+------+--------+------+-----+----+------+-----+---------+--------------------------------------------------------+
| g0        | n/a   | BUFG/O          | None       |        7378 |               0 | 7293 |     83 |    0 |   0 |  0 |    1 |   0 |       0 | base_i/ps7_0/inst/FCLK_CLK0                            |
| g1        | n/a   | BUFG/O          | None       |          33 |               0 |   31 |      0 |    1 |   0 |  0 |    0 |   0 |       0 | base_i/ps7_0/inst/FCLK_CLK1                            |
| g4        | n/a   | BUFR/O          | None       |        2624 |               0 | 2609 |      5 |    1 |   0 |  0 |    0 |   0 |       0 | base_i/video/hdmi_out/frontend/axi_dynclk/U0/PXL_CLK_O |
+-----------+-------+-----------------+------------+-------------+-----------------+------+--------+------+-----+----+------+-----+---------+--------------------------------------------------------+
* Clock Loads column represents the clock pin loads (pin count)
** Non-Clock Loads column represents the non-clock pin loads (pin count)
*** Columns FF, LUTRAM, RAMB through 'Hard IP' represents load cell counts



# Location of BUFG Primitives 
set_property LOC BUFGCTRL_X0Y3 [get_cells pclk0_IBUF_BUFG_inst]
set_property LOC BUFGCTRL_X0Y18 [get_cells base_i/ps7_0/inst/buffer_fclk_clk_3.FCLK_CLK_3_BUFG]
set_property LOC BUFGCTRL_X0Y19 [get_cells base_i/ps7_0/inst/buffer_fclk_clk_2.FCLK_CLK_2_BUFG]
set_property LOC BUFGCTRL_X0Y17 [get_cells base_i/ps7_0/inst/buffer_fclk_clk_1.FCLK_CLK_1_BUFG]
set_property LOC BUFGCTRL_X0Y16 [get_cells base_i/ps7_0/inst/buffer_fclk_clk_0.FCLK_CLK_0_BUFG]
set_property LOC BUFGCTRL_X0Y4 [get_cells base_i/mdm_1/U0/Use_E2.BSCAN_I/Dbg_Update_0_BUFG_inst]
set_property LOC BUFGCTRL_X0Y2 [get_cells base_i/mdm_1/U0/No_Dbg_Reg_Access.BUFG_DRCK/Using_FPGA.Native]
set_property LOC BUFGCTRL_X0Y5 [get_cells base_i/clk_wiz_10MHz/inst/clkf_buf]
set_property LOC BUFGCTRL_X0Y1 [get_cells base_i/clk_wiz_10MHz/inst/clkout1_buf]
set_property LOC BUFGCTRL_X0Y0 [get_cells base_i/clk_wiz_0/inst/clkout1_buf]

# Location of BUFIO Primitives 
set_property LOC BUFIO_X1Y9 [get_cells base_i/video/hdmi_out/frontend/axi_dynclk/U0/BUFIO_inst]
set_property LOC BUFIO_X1Y5 [get_cells base_i/video/hdmi_in/frontend/dvi2rgb_0/U0/TMDS_ClockingX/SerialClkBuffer]

# Location of BUFR Primitives 
set_property LOC BUFR_X1Y9 [get_cells base_i/video/hdmi_out/frontend/axi_dynclk/U0/BUFR_inst]
set_property LOC BUFR_X1Y5 [get_cells base_i/video/hdmi_in/frontend/dvi2rgb_0/U0/TMDS_ClockingX/PixelClkBuffer]

# Location of IO Primitives which is load of clock spine
set_property LOC IOB_X1Y84 [get_cells clk_out1_OBUF_inst]
set_property LOC IOB_X0Y11 [get_cells audio_clk_10MHz_OBUF_inst]

# Location of clock ports
set_property LOC IOB_X1Y73 [get_ports hdmi_in_clk_n]
set_property LOC IOB_X1Y74 [get_ports hdmi_in_clk_p]
set_property LOC IOB_X1Y66 [get_ports pclk0]

# Clock net "pclk0_IBUF_BUFG" driven by instance "pclk0_IBUF_BUFG_inst" located at site "BUFGCTRL_X0Y3"
#startgroup
create_pblock {CLKAG_pclk0_IBUF_BUFG}
add_cells_to_pblock [get_pblocks  {CLKAG_pclk0_IBUF_BUFG}] [get_cells -filter { PRIMITIVE_GROUP != I/O && IS_PRIMITIVE==1 && PRIMITIVE_LEVEL !=INTERNAL } -of_object [get_pins -filter {DIRECTION==IN} -of_objects [get_nets -hierarchical -filter {PARENT=="pclk0_IBUF_BUFG"}]]]
resize_pblock [get_pblocks {CLKAG_pclk0_IBUF_BUFG}] -add {CLOCKREGION_X0Y1:CLOCKREGION_X0Y1}
#endgroup

# Clock net "base_i/video/hdmi_out/frontend/axi_dynclk/U0/PXL_CLK_O" driven by instance "base_i/video/hdmi_out/frontend/axi_dynclk/U0/BUFR_inst" located at site "BUFR_X1Y9"
#startgroup
create_pblock {CLKAG_base_i/video/hdmi_out/frontend/axi_dynclk/U0/PXL_CLK_O}
add_cells_to_pblock [get_pblocks  {CLKAG_base_i/video/hdmi_out/frontend/axi_dynclk/U0/PXL_CLK_O}] [get_cells -filter { PRIMITIVE_GROUP != I/O && IS_PRIMITIVE==1 && PRIMITIVE_LEVEL !=INTERNAL } -of_object [get_pins -filter {DIRECTION==IN} -of_objects [get_nets -hierarchical -filter {PARENT=="base_i/video/hdmi_out/frontend/axi_dynclk/U0/PXL_CLK_O"}]]]
resize_pblock [get_pblocks {CLKAG_base_i/video/hdmi_out/frontend/axi_dynclk/U0/PXL_CLK_O}] -add {CLOCKREGION_X1Y2:CLOCKREGION_X1Y2}
#endgroup

# Clock net "base_i/video/hdmi_in/frontend/dvi2rgb_0/U0/TMDS_ClockingX/rMMCM_LckdRisingFlag_reg_0" driven by instance "base_i/video/hdmi_in/frontend/dvi2rgb_0/U0/TMDS_ClockingX/PixelClkBuffer" located at site "BUFR_X1Y5"
#startgroup
create_pblock {CLKAG_base_i/video/hdmi_in/frontend/dvi2rgb_0/U0/TMDS_ClockingX/rMMCM_LckdRisingFlag_reg_0}
add_cells_to_pblock [get_pblocks  {CLKAG_base_i/video/hdmi_in/frontend/dvi2rgb_0/U0/TMDS_ClockingX/rMMCM_LckdRisingFlag_reg_0}] [get_cells -filter { PRIMITIVE_GROUP != I/O && IS_PRIMITIVE==1 && PRIMITIVE_LEVEL !=INTERNAL } -of_object [get_pins -filter {DIRECTION==IN} -of_objects [get_nets -hierarchical -filter {PARENT=="base_i/video/hdmi_in/frontend/dvi2rgb_0/U0/TMDS_ClockingX/rMMCM_LckdRisingFlag_reg_0"}]]]
resize_pblock [get_pblocks {CLKAG_base_i/video/hdmi_in/frontend/dvi2rgb_0/U0/TMDS_ClockingX/rMMCM_LckdRisingFlag_reg_0}] -add {CLOCKREGION_X1Y1:CLOCKREGION_X1Y1}
#endgroup

# Clock net "base_i/ps7_0/inst/FCLK_CLK3" driven by instance "base_i/ps7_0/inst/buffer_fclk_clk_3.FCLK_CLK_3_BUFG" located at site "BUFGCTRL_X0Y18"
#startgroup
create_pblock {CLKAG_base_i/ps7_0/inst/FCLK_CLK3}
add_cells_to_pblock [get_pblocks  {CLKAG_base_i/ps7_0/inst/FCLK_CLK3}] [get_cells -filter { PRIMITIVE_GROUP != I/O && IS_PRIMITIVE==1 && PRIMITIVE_LEVEL !=INTERNAL } -of_object [get_pins -filter {DIRECTION==IN} -of_objects [get_nets -hierarchical -filter {PARENT=="base_i/ps7_0/inst/FCLK_CLK3"}]]]
resize_pblock [get_pblocks {CLKAG_base_i/ps7_0/inst/FCLK_CLK3}] -add {CLOCKREGION_X0Y0:CLOCKREGION_X0Y0 CLOCKREGION_X0Y1:CLOCKREGION_X0Y1 CLOCKREGION_X0Y2:CLOCKREGION_X0Y2 CLOCKREGION_X1Y0:CLOCKREGION_X1Y0 CLOCKREGION_X1Y1:CLOCKREGION_X1Y1}
#endgroup

# Clock net "base_i/ps7_0/inst/FCLK_CLK2" driven by instance "base_i/ps7_0/inst/buffer_fclk_clk_2.FCLK_CLK_2_BUFG" located at site "BUFGCTRL_X0Y19"
#startgroup
create_pblock {CLKAG_base_i/ps7_0/inst/FCLK_CLK2}
add_cells_to_pblock [get_pblocks  {CLKAG_base_i/ps7_0/inst/FCLK_CLK2}] [get_cells -filter { PRIMITIVE_GROUP != I/O && IS_PRIMITIVE==1 && PRIMITIVE_LEVEL !=INTERNAL } -of_object [get_pins -filter {DIRECTION==IN} -of_objects [get_nets -hierarchical -filter {PARENT=="base_i/ps7_0/inst/FCLK_CLK2"}]]]
resize_pblock [get_pblocks {CLKAG_base_i/ps7_0/inst/FCLK_CLK2}] -add {CLOCKREGION_X1Y0:CLOCKREGION_X1Y0 CLOCKREGION_X1Y1:CLOCKREGION_X1Y1}
#endgroup

# Clock net "base_i/ps7_0/inst/FCLK_CLK1" driven by instance "base_i/ps7_0/inst/buffer_fclk_clk_1.FCLK_CLK_1_BUFG" located at site "BUFGCTRL_X0Y17"
#startgroup
create_pblock {CLKAG_base_i/ps7_0/inst/FCLK_CLK1}
add_cells_to_pblock [get_pblocks  {CLKAG_base_i/ps7_0/inst/FCLK_CLK1}] [get_cells -filter { PRIMITIVE_GROUP != I/O && IS_PRIMITIVE==1 && PRIMITIVE_LEVEL !=INTERNAL } -of_object [get_pins -filter {DIRECTION==IN} -of_objects [get_nets -hierarchical -filter {PARENT=="base_i/ps7_0/inst/FCLK_CLK1"}]]]
resize_pblock [get_pblocks {CLKAG_base_i/ps7_0/inst/FCLK_CLK1}] -add {CLOCKREGION_X0Y0:CLOCKREGION_X0Y0 CLOCKREGION_X0Y2:CLOCKREGION_X0Y2 CLOCKREGION_X1Y0:CLOCKREGION_X1Y0 CLOCKREGION_X1Y1:CLOCKREGION_X1Y1 CLOCKREGION_X1Y2:CLOCKREGION_X1Y2}
#endgroup

# Clock net "base_i/ps7_0/inst/FCLK_CLK0" driven by instance "base_i/ps7_0/inst/buffer_fclk_clk_0.FCLK_CLK_0_BUFG" located at site "BUFGCTRL_X0Y16"
#startgroup
create_pblock {CLKAG_base_i/ps7_0/inst/FCLK_CLK0}
add_cells_to_pblock [get_pblocks  {CLKAG_base_i/ps7_0/inst/FCLK_CLK0}] [get_cells -filter { PRIMITIVE_GROUP != I/O && IS_PRIMITIVE==1 && PRIMITIVE_LEVEL !=INTERNAL && NAME!=base_i/video/hdmi_out/frontend/axi_dynclk/U0/Inst_mmcme2_drp/mmcm_adv_inst && NAME!=base_i/clk_wiz_10MHz/inst/mmcm_adv_inst && NAME!=base_i/clk_wiz_0/inst/mmcm_adv_inst} -of_object [get_pins -filter {DIRECTION==IN} -of_objects [get_nets -hierarchical -filter {PARENT=="base_i/ps7_0/inst/FCLK_CLK0"}]]]
resize_pblock [get_pblocks {CLKAG_base_i/ps7_0/inst/FCLK_CLK0}] -add {CLOCKREGION_X0Y0:CLOCKREGION_X0Y0 CLOCKREGION_X0Y1:CLOCKREGION_X0Y1 CLOCKREGION_X0Y2:CLOCKREGION_X0Y2 CLOCKREGION_X1Y0:CLOCKREGION_X1Y0 CLOCKREGION_X1Y1:CLOCKREGION_X1Y1 CLOCKREGION_X1Y2:CLOCKREGION_X1Y2}
#endgroup

# Clock net "base_i/mdm_1/U0/Use_E2.BSCAN_I/Dbg_Update_0_BUFG" driven by instance "base_i/mdm_1/U0/Use_E2.BSCAN_I/Dbg_Update_0_BUFG_inst" located at site "BUFGCTRL_X0Y4"
#startgroup
create_pblock {CLKAG_base_i/mdm_1/U0/Use_E2.BSCAN_I/Dbg_Update_0_BUFG}
add_cells_to_pblock [get_pblocks  {CLKAG_base_i/mdm_1/U0/Use_E2.BSCAN_I/Dbg_Update_0_BUFG}] [get_cells -filter { PRIMITIVE_GROUP != I/O && IS_PRIMITIVE==1 && PRIMITIVE_LEVEL !=INTERNAL } -of_object [get_pins -filter {DIRECTION==IN} -of_objects [get_nets -hierarchical -filter {PARENT=="base_i/mdm_1/U0/Use_E2.BSCAN_I/Dbg_Update_0_BUFG"}]]]
resize_pblock [get_pblocks {CLKAG_base_i/mdm_1/U0/Use_E2.BSCAN_I/Dbg_Update_0_BUFG}] -add {CLOCKREGION_X0Y0:CLOCKREGION_X0Y0 CLOCKREGION_X1Y0:CLOCKREGION_X1Y0 CLOCKREGION_X1Y1:CLOCKREGION_X1Y1}
#endgroup

# Clock net "base_i/mdm_1/U0/No_Dbg_Reg_Access.BUFG_DRCK/Ext_JTAG_DRCK" driven by instance "base_i/mdm_1/U0/No_Dbg_Reg_Access.BUFG_DRCK/Using_FPGA.Native" located at site "BUFGCTRL_X0Y2"
#startgroup
create_pblock {CLKAG_base_i/mdm_1/U0/No_Dbg_Reg_Access.BUFG_DRCK/Ext_JTAG_DRCK}
add_cells_to_pblock [get_pblocks  {CLKAG_base_i/mdm_1/U0/No_Dbg_Reg_Access.BUFG_DRCK/Ext_JTAG_DRCK}] [get_cells -filter { PRIMITIVE_GROUP != I/O && IS_PRIMITIVE==1 && PRIMITIVE_LEVEL !=INTERNAL } -of_object [get_pins -filter {DIRECTION==IN} -of_objects [get_nets -hierarchical -filter {PARENT=="base_i/mdm_1/U0/No_Dbg_Reg_Access.BUFG_DRCK/Ext_JTAG_DRCK"}]]]
resize_pblock [get_pblocks {CLKAG_base_i/mdm_1/U0/No_Dbg_Reg_Access.BUFG_DRCK/Ext_JTAG_DRCK}] -add {CLOCKREGION_X0Y0:CLOCKREGION_X0Y0 CLOCKREGION_X1Y0:CLOCKREGION_X1Y0 CLOCKREGION_X1Y1:CLOCKREGION_X1Y1}
#endgroup
