
*** Running vivado
    with args -log base_io_switch_0.vds -m64 -product Vivado -mode batch -messageDb vivado.pb -notrace -source base_io_switch_0.tcl



****** Vivado v2020.1 (64-bit)
  **** SW Build 2902540 on Wed May 27 19:54:49 MDT 2020
  **** IP Build 2902112 on Wed May 27 22:43:36 MDT 2020
    ** Copyright 1986-2020 Xilinx, Inc. All Rights Reserved.

source base_io_switch_0.tcl -notrace
create_project: Time (s): cpu = 00:00:06 ; elapsed = 00:00:11 . Memory (MB): peak = 1036.293 ; gain = 0.000
INFO: [IP_Flow 19-234] Refreshing IP repositories
INFO: [IP_Flow 19-1700] Loaded user IP repository 'c:/Users/dhire/OneDrive/Documents/School/EE382N_Adv_Micro/PYNQ/boards/ip'.
INFO: [IP_Flow 19-2313] Loaded Vivado IP repository 'C:/Xilinx/Vivado/2020.1/data/ip'.
WARNING: [IP_Flow 19-4995] The host OS only allows 260 characters in a normal path. The IP cache path is more than 80 characters. If you experience issues with IP caching, please consider changing the IP cache to a location with a shorter path. Alternately consider using the OS subst command to map part of the path to a drive letter. 
Current IP cache path is c:/Users/dhire/OneDrive/Documents/School/EE382N_Adv_Micro/PYNQ/boards/Pynq-Z2/base/base/base.cache/ip 
Command: synth_design -top base_io_switch_0 -part xc7z020clg400-1 -mode out_of_context
Starting synth_design
Attempting to get a license for feature 'Synthesis' and/or device 'xc7z020'
INFO: [Common 17-349] Got license for feature 'Synthesis' and/or device 'xc7z020'
INFO: [Device 21-403] Loading part xc7z020clg400-1
INFO: [Synth 8-7079] Multithreading enabled for synth_design using a maximum of 2 processes.
INFO: [Synth 8-7078] Launching helper process for spawning children vivado processes
INFO: [Synth 8-7075] Helper process launched with PID 21208
---------------------------------------------------------------------------------
Starting RTL Elaboration : Time (s): cpu = 00:00:10 ; elapsed = 00:00:12 . Memory (MB): peak = 1036.293 ; gain = 0.000
---------------------------------------------------------------------------------
INFO: [Synth 8-6157] synthesizing module 'base_io_switch_0' [c:/Users/dhire/OneDrive/Documents/School/EE382N_Adv_Micro/PYNQ/boards/Pynq-Z2/base/base/base.srcs/sources_1/bd/base/ip/base_io_switch_0/synth/base_io_switch_0.v:57]
INFO: [Synth 8-6157] synthesizing module 'io_switch_v1_1' [c:/Users/dhire/OneDrive/Documents/School/EE382N_Adv_Micro/PYNQ/boards/Pynq-Z2/base/base/base.srcs/sources_1/bd/base/ipshared/6c92/hdl/io_switch_v1_1.v:4]
	Parameter C_INTERFACE_TYPE bound to: 3 - type: string 
	Parameter C_IO_SWITCH_WIDTH bound to: 20 - type: integer 
	Parameter C_NUM_PWMS bound to: 6 - type: integer 
	Parameter C_NUM_TIMERS bound to: 8 - type: integer 
	Parameter C_NUM_SS bound to: 1 - type: integer 
	Parameter C_S_AXI_DATA_WIDTH bound to: 32 - type: integer 
	Parameter C_S_AXI_ADDR_WIDTH bound to: 6 - type: integer 
INFO: [Synth 8-6157] synthesizing module 'io_switch_v1_1_S_AXI' [c:/Users/dhire/OneDrive/Documents/School/EE382N_Adv_Micro/PYNQ/boards/Pynq-Z2/base/base/base.srcs/sources_1/bd/base/ipshared/6c92/hdl/io_switch_v1_1_S_AXI.v:4]
	Parameter C_INTERFACE_TYPE bound to: 3 - type: string 
	Parameter C_IO_SWITCH_WIDTH bound to: 20 - type: integer 
	Parameter C_NUM_PWMS bound to: 6 - type: integer 
	Parameter C_NUM_TIMERS bound to: 8 - type: integer 
	Parameter C_NUM_SS bound to: 1 - type: integer 
	Parameter C_S_AXI_DATA_WIDTH bound to: 32 - type: integer 
	Parameter C_S_AXI_ADDR_WIDTH bound to: 6 - type: integer 
	Parameter ADDR_LSB bound to: 2 - type: integer 
	Parameter OPT_MEM_ADDR_BITS bound to: 3 - type: integer 
INFO: [Synth 8-6157] synthesizing module 'io_switch' [c:/Users/dhire/OneDrive/Documents/School/EE382N_Adv_Micro/PYNQ/boards/Pynq-Z2/base/base/base.srcs/sources_1/bd/base/ipshared/6c92/src/io_switch.v:7]
	Parameter C_IO_SWITCH_WIDTH bound to: 20 - type: integer 
	Parameter C_NUM_PWMS bound to: 6 - type: integer 
	Parameter C_NUM_TIMERS bound to: 8 - type: integer 
	Parameter C_NUM_SS bound to: 1 - type: integer 
INFO: [Synth 8-6157] synthesizing module 'io_switch_bit' [c:/Users/dhire/OneDrive/Documents/School/EE382N_Adv_Micro/PYNQ/boards/Pynq-Z2/base/base/base.srcs/sources_1/bd/base/ipshared/6c92/src/io_switch_bit.v:57]
	Parameter C_NUM_PWMS bound to: 6 - type: integer 
	Parameter C_NUM_TIMERS bound to: 8 - type: integer 
	Parameter C_NUM_SS bound to: 1 - type: integer 
WARNING: [Synth 8-324] index 1 out of range [c:/Users/dhire/OneDrive/Documents/School/EE382N_Adv_Micro/PYNQ/boards/Pynq-Z2/base/base/base.srcs/sources_1/bd/base/ipshared/6c92/src/io_switch_bit.v:164]
INFO: [Synth 8-6155] done synthesizing module 'io_switch_bit' (1#1) [c:/Users/dhire/OneDrive/Documents/School/EE382N_Adv_Micro/PYNQ/boards/Pynq-Z2/base/base/base.srcs/sources_1/bd/base/ipshared/6c92/src/io_switch_bit.v:57]
WARNING: [Synth 8-7071] port 'uart1_rx_i' of module 'io_switch_bit' is unconnected for instance 'd_i' [c:/Users/dhire/OneDrive/Documents/School/EE382N_Adv_Micro/PYNQ/boards/Pynq-Z2/base/base/base.srcs/sources_1/bd/base/ipshared/6c92/src/io_switch.v:437]
WARNING: [Synth 8-7071] port 'uart1_tx_o' of module 'io_switch_bit' is unconnected for instance 'd_i' [c:/Users/dhire/OneDrive/Documents/School/EE382N_Adv_Micro/PYNQ/boards/Pynq-Z2/base/base/base.srcs/sources_1/bd/base/ipshared/6c92/src/io_switch.v:437]
WARNING: [Synth 8-7071] port 'sck0_i' of module 'io_switch_bit' is unconnected for instance 'd_i' [c:/Users/dhire/OneDrive/Documents/School/EE382N_Adv_Micro/PYNQ/boards/Pynq-Z2/base/base/base.srcs/sources_1/bd/base/ipshared/6c92/src/io_switch.v:437]
WARNING: [Synth 8-7071] port 'sck0_o' of module 'io_switch_bit' is unconnected for instance 'd_i' [c:/Users/dhire/OneDrive/Documents/School/EE382N_Adv_Micro/PYNQ/boards/Pynq-Z2/base/base/base.srcs/sources_1/bd/base/ipshared/6c92/src/io_switch.v:437]
WARNING: [Synth 8-7071] port 'sck0_t' of module 'io_switch_bit' is unconnected for instance 'd_i' [c:/Users/dhire/OneDrive/Documents/School/EE382N_Adv_Micro/PYNQ/boards/Pynq-Z2/base/base/base.srcs/sources_1/bd/base/ipshared/6c92/src/io_switch.v:437]
WARNING: [Synth 8-7071] port 'miso0_i' of module 'io_switch_bit' is unconnected for instance 'd_i' [c:/Users/dhire/OneDrive/Documents/School/EE382N_Adv_Micro/PYNQ/boards/Pynq-Z2/base/base/base.srcs/sources_1/bd/base/ipshared/6c92/src/io_switch.v:437]
WARNING: [Synth 8-7071] port 'miso0_o' of module 'io_switch_bit' is unconnected for instance 'd_i' [c:/Users/dhire/OneDrive/Documents/School/EE382N_Adv_Micro/PYNQ/boards/Pynq-Z2/base/base/base.srcs/sources_1/bd/base/ipshared/6c92/src/io_switch.v:437]
WARNING: [Synth 8-7071] port 'miso0_t' of module 'io_switch_bit' is unconnected for instance 'd_i' [c:/Users/dhire/OneDrive/Documents/School/EE382N_Adv_Micro/PYNQ/boards/Pynq-Z2/base/base/base.srcs/sources_1/bd/base/ipshared/6c92/src/io_switch.v:437]
WARNING: [Synth 8-7071] port 'mosi0_i' of module 'io_switch_bit' is unconnected for instance 'd_i' [c:/Users/dhire/OneDrive/Documents/School/EE382N_Adv_Micro/PYNQ/boards/Pynq-Z2/base/base/base.srcs/sources_1/bd/base/ipshared/6c92/src/io_switch.v:437]
WARNING: [Synth 8-7071] port 'mosi0_o' of module 'io_switch_bit' is unconnected for instance 'd_i' [c:/Users/dhire/OneDrive/Documents/School/EE382N_Adv_Micro/PYNQ/boards/Pynq-Z2/base/base/base.srcs/sources_1/bd/base/ipshared/6c92/src/io_switch.v:437]
WARNING: [Synth 8-7071] port 'mosi0_t' of module 'io_switch_bit' is unconnected for instance 'd_i' [c:/Users/dhire/OneDrive/Documents/School/EE382N_Adv_Micro/PYNQ/boards/Pynq-Z2/base/base/base.srcs/sources_1/bd/base/ipshared/6c92/src/io_switch.v:437]
WARNING: [Synth 8-7071] port 'ss0_i' of module 'io_switch_bit' is unconnected for instance 'd_i' [c:/Users/dhire/OneDrive/Documents/School/EE382N_Adv_Micro/PYNQ/boards/Pynq-Z2/base/base/base.srcs/sources_1/bd/base/ipshared/6c92/src/io_switch.v:437]
WARNING: [Synth 8-7071] port 'ss0_o' of module 'io_switch_bit' is unconnected for instance 'd_i' [c:/Users/dhire/OneDrive/Documents/School/EE382N_Adv_Micro/PYNQ/boards/Pynq-Z2/base/base/base.srcs/sources_1/bd/base/ipshared/6c92/src/io_switch.v:437]
WARNING: [Synth 8-7071] port 'ss0_t' of module 'io_switch_bit' is unconnected for instance 'd_i' [c:/Users/dhire/OneDrive/Documents/School/EE382N_Adv_Micro/PYNQ/boards/Pynq-Z2/base/base/base.srcs/sources_1/bd/base/ipshared/6c92/src/io_switch.v:437]
WARNING: [Synth 8-7071] port 'sck1_i' of module 'io_switch_bit' is unconnected for instance 'd_i' [c:/Users/dhire/OneDrive/Documents/School/EE382N_Adv_Micro/PYNQ/boards/Pynq-Z2/base/base/base.srcs/sources_1/bd/base/ipshared/6c92/src/io_switch.v:437]
WARNING: [Synth 8-7071] port 'sck1_o' of module 'io_switch_bit' is unconnected for instance 'd_i' [c:/Users/dhire/OneDrive/Documents/School/EE382N_Adv_Micro/PYNQ/boards/Pynq-Z2/base/base/base.srcs/sources_1/bd/base/ipshared/6c92/src/io_switch.v:437]
WARNING: [Synth 8-7071] port 'sck1_t' of module 'io_switch_bit' is unconnected for instance 'd_i' [c:/Users/dhire/OneDrive/Documents/School/EE382N_Adv_Micro/PYNQ/boards/Pynq-Z2/base/base/base.srcs/sources_1/bd/base/ipshared/6c92/src/io_switch.v:437]
WARNING: [Synth 8-7071] port 'miso1_i' of module 'io_switch_bit' is unconnected for instance 'd_i' [c:/Users/dhire/OneDrive/Documents/School/EE382N_Adv_Micro/PYNQ/boards/Pynq-Z2/base/base/base.srcs/sources_1/bd/base/ipshared/6c92/src/io_switch.v:437]
WARNING: [Synth 8-7071] port 'miso1_o' of module 'io_switch_bit' is unconnected for instance 'd_i' [c:/Users/dhire/OneDrive/Documents/School/EE382N_Adv_Micro/PYNQ/boards/Pynq-Z2/base/base/base.srcs/sources_1/bd/base/ipshared/6c92/src/io_switch.v:437]
WARNING: [Synth 8-7071] port 'miso1_t' of module 'io_switch_bit' is unconnected for instance 'd_i' [c:/Users/dhire/OneDrive/Documents/School/EE382N_Adv_Micro/PYNQ/boards/Pynq-Z2/base/base/base.srcs/sources_1/bd/base/ipshared/6c92/src/io_switch.v:437]
WARNING: [Synth 8-7071] port 'mosi1_i' of module 'io_switch_bit' is unconnected for instance 'd_i' [c:/Users/dhire/OneDrive/Documents/School/EE382N_Adv_Micro/PYNQ/boards/Pynq-Z2/base/base/base.srcs/sources_1/bd/base/ipshared/6c92/src/io_switch.v:437]
WARNING: [Synth 8-7071] port 'mosi1_o' of module 'io_switch_bit' is unconnected for instance 'd_i' [c:/Users/dhire/OneDrive/Documents/School/EE382N_Adv_Micro/PYNQ/boards/Pynq-Z2/base/base/base.srcs/sources_1/bd/base/ipshared/6c92/src/io_switch.v:437]
WARNING: [Synth 8-7071] port 'mosi1_t' of module 'io_switch_bit' is unconnected for instance 'd_i' [c:/Users/dhire/OneDrive/Documents/School/EE382N_Adv_Micro/PYNQ/boards/Pynq-Z2/base/base/base.srcs/sources_1/bd/base/ipshared/6c92/src/io_switch.v:437]
WARNING: [Synth 8-7071] port 'ss1_i' of module 'io_switch_bit' is unconnected for instance 'd_i' [c:/Users/dhire/OneDrive/Documents/School/EE382N_Adv_Micro/PYNQ/boards/Pynq-Z2/base/base/base.srcs/sources_1/bd/base/ipshared/6c92/src/io_switch.v:437]
WARNING: [Synth 8-7071] port 'ss1_o' of module 'io_switch_bit' is unconnected for instance 'd_i' [c:/Users/dhire/OneDrive/Documents/School/EE382N_Adv_Micro/PYNQ/boards/Pynq-Z2/base/base/base.srcs/sources_1/bd/base/ipshared/6c92/src/io_switch.v:437]
WARNING: [Synth 8-7071] port 'ss1_t' of module 'io_switch_bit' is unconnected for instance 'd_i' [c:/Users/dhire/OneDrive/Documents/School/EE382N_Adv_Micro/PYNQ/boards/Pynq-Z2/base/base/base.srcs/sources_1/bd/base/ipshared/6c92/src/io_switch.v:437]
WARNING: [Synth 8-7071] port 'sda0_i' of module 'io_switch_bit' is unconnected for instance 'd_i' [c:/Users/dhire/OneDrive/Documents/School/EE382N_Adv_Micro/PYNQ/boards/Pynq-Z2/base/base/base.srcs/sources_1/bd/base/ipshared/6c92/src/io_switch.v:437]
WARNING: [Synth 8-7071] port 'sda0_o' of module 'io_switch_bit' is unconnected for instance 'd_i' [c:/Users/dhire/OneDrive/Documents/School/EE382N_Adv_Micro/PYNQ/boards/Pynq-Z2/base/base/base.srcs/sources_1/bd/base/ipshared/6c92/src/io_switch.v:437]
WARNING: [Synth 8-7071] port 'sda0_t' of module 'io_switch_bit' is unconnected for instance 'd_i' [c:/Users/dhire/OneDrive/Documents/School/EE382N_Adv_Micro/PYNQ/boards/Pynq-Z2/base/base/base.srcs/sources_1/bd/base/ipshared/6c92/src/io_switch.v:437]
WARNING: [Synth 8-7071] port 'scl0_i' of module 'io_switch_bit' is unconnected for instance 'd_i' [c:/Users/dhire/OneDrive/Documents/School/EE382N_Adv_Micro/PYNQ/boards/Pynq-Z2/base/base/base.srcs/sources_1/bd/base/ipshared/6c92/src/io_switch.v:437]
WARNING: [Synth 8-7071] port 'scl0_o' of module 'io_switch_bit' is unconnected for instance 'd_i' [c:/Users/dhire/OneDrive/Documents/School/EE382N_Adv_Micro/PYNQ/boards/Pynq-Z2/base/base/base.srcs/sources_1/bd/base/ipshared/6c92/src/io_switch.v:437]
WARNING: [Synth 8-7071] port 'scl0_t' of module 'io_switch_bit' is unconnected for instance 'd_i' [c:/Users/dhire/OneDrive/Documents/School/EE382N_Adv_Micro/PYNQ/boards/Pynq-Z2/base/base/base.srcs/sources_1/bd/base/ipshared/6c92/src/io_switch.v:437]
WARNING: [Synth 8-7071] port 'sda1_i' of module 'io_switch_bit' is unconnected for instance 'd_i' [c:/Users/dhire/OneDrive/Documents/School/EE382N_Adv_Micro/PYNQ/boards/Pynq-Z2/base/base/base.srcs/sources_1/bd/base/ipshared/6c92/src/io_switch.v:437]
WARNING: [Synth 8-7071] port 'sda1_o' of module 'io_switch_bit' is unconnected for instance 'd_i' [c:/Users/dhire/OneDrive/Documents/School/EE382N_Adv_Micro/PYNQ/boards/Pynq-Z2/base/base/base.srcs/sources_1/bd/base/ipshared/6c92/src/io_switch.v:437]
WARNING: [Synth 8-7071] port 'sda1_t' of module 'io_switch_bit' is unconnected for instance 'd_i' [c:/Users/dhire/OneDrive/Documents/School/EE382N_Adv_Micro/PYNQ/boards/Pynq-Z2/base/base/base.srcs/sources_1/bd/base/ipshared/6c92/src/io_switch.v:437]
WARNING: [Synth 8-7071] port 'scl1_i' of module 'io_switch_bit' is unconnected for instance 'd_i' [c:/Users/dhire/OneDrive/Documents/School/EE382N_Adv_Micro/PYNQ/boards/Pynq-Z2/base/base/base.srcs/sources_1/bd/base/ipshared/6c92/src/io_switch.v:437]
WARNING: [Synth 8-7071] port 'scl1_o' of module 'io_switch_bit' is unconnected for instance 'd_i' [c:/Users/dhire/OneDrive/Documents/School/EE382N_Adv_Micro/PYNQ/boards/Pynq-Z2/base/base/base.srcs/sources_1/bd/base/ipshared/6c92/src/io_switch.v:437]
WARNING: [Synth 8-7071] port 'scl1_t' of module 'io_switch_bit' is unconnected for instance 'd_i' [c:/Users/dhire/OneDrive/Documents/School/EE382N_Adv_Micro/PYNQ/boards/Pynq-Z2/base/base/base.srcs/sources_1/bd/base/ipshared/6c92/src/io_switch.v:437]
WARNING: [Synth 8-7071] port 'pwm_o' of module 'io_switch_bit' is unconnected for instance 'd_i' [c:/Users/dhire/OneDrive/Documents/School/EE382N_Adv_Micro/PYNQ/boards/Pynq-Z2/base/base/base.srcs/sources_1/bd/base/ipshared/6c92/src/io_switch.v:437]
WARNING: [Synth 8-7071] port 'timer_i_0' of module 'io_switch_bit' is unconnected for instance 'd_i' [c:/Users/dhire/OneDrive/Documents/School/EE382N_Adv_Micro/PYNQ/boards/Pynq-Z2/base/base/base.srcs/sources_1/bd/base/ipshared/6c92/src/io_switch.v:437]
WARNING: [Synth 8-7071] port 'timer_i_1' of module 'io_switch_bit' is unconnected for instance 'd_i' [c:/Users/dhire/OneDrive/Documents/School/EE382N_Adv_Micro/PYNQ/boards/Pynq-Z2/base/base/base.srcs/sources_1/bd/base/ipshared/6c92/src/io_switch.v:437]
WARNING: [Synth 8-7071] port 'timer_i_2' of module 'io_switch_bit' is unconnected for instance 'd_i' [c:/Users/dhire/OneDrive/Documents/School/EE382N_Adv_Micro/PYNQ/boards/Pynq-Z2/base/base/base.srcs/sources_1/bd/base/ipshared/6c92/src/io_switch.v:437]
WARNING: [Synth 8-7071] port 'timer_i_3' of module 'io_switch_bit' is unconnected for instance 'd_i' [c:/Users/dhire/OneDrive/Documents/School/EE382N_Adv_Micro/PYNQ/boards/Pynq-Z2/base/base/base.srcs/sources_1/bd/base/ipshared/6c92/src/io_switch.v:437]
WARNING: [Synth 8-7071] port 'timer_i_4' of module 'io_switch_bit' is unconnected for instance 'd_i' [c:/Users/dhire/OneDrive/Documents/School/EE382N_Adv_Micro/PYNQ/boards/Pynq-Z2/base/base/base.srcs/sources_1/bd/base/ipshared/6c92/src/io_switch.v:437]
WARNING: [Synth 8-7071] port 'timer_i_5' of module 'io_switch_bit' is unconnected for instance 'd_i' [c:/Users/dhire/OneDrive/Documents/School/EE382N_Adv_Micro/PYNQ/boards/Pynq-Z2/base/base/base.srcs/sources_1/bd/base/ipshared/6c92/src/io_switch.v:437]
WARNING: [Synth 8-7071] port 'timer_i_6' of module 'io_switch_bit' is unconnected for instance 'd_i' [c:/Users/dhire/OneDrive/Documents/School/EE382N_Adv_Micro/PYNQ/boards/Pynq-Z2/base/base/base.srcs/sources_1/bd/base/ipshared/6c92/src/io_switch.v:437]
WARNING: [Synth 8-7071] port 'timer_i_7' of module 'io_switch_bit' is unconnected for instance 'd_i' [c:/Users/dhire/OneDrive/Documents/School/EE382N_Adv_Micro/PYNQ/boards/Pynq-Z2/base/base/base.srcs/sources_1/bd/base/ipshared/6c92/src/io_switch.v:437]
WARNING: [Synth 8-7071] port 'timer_o' of module 'io_switch_bit' is unconnected for instance 'd_i' [c:/Users/dhire/OneDrive/Documents/School/EE382N_Adv_Micro/PYNQ/boards/Pynq-Z2/base/base/base.srcs/sources_1/bd/base/ipshared/6c92/src/io_switch.v:437]
WARNING: [Synth 8-7023] instance 'd_i' of module 'io_switch_bit' has 58 connections declared, but only 10 given [c:/Users/dhire/OneDrive/Documents/School/EE382N_Adv_Micro/PYNQ/boards/Pynq-Z2/base/base/base.srcs/sources_1/bd/base/ipshared/6c92/src/io_switch.v:437]
WARNING: [Synth 8-7071] port 'uart1_rx_i' of module 'io_switch_bit' is unconnected for instance 'd_i' [c:/Users/dhire/OneDrive/Documents/School/EE382N_Adv_Micro/PYNQ/boards/Pynq-Z2/base/base/base.srcs/sources_1/bd/base/ipshared/6c92/src/io_switch.v:437]
WARNING: [Synth 8-7071] port 'uart1_tx_o' of module 'io_switch_bit' is unconnected for instance 'd_i' [c:/Users/dhire/OneDrive/Documents/School/EE382N_Adv_Micro/PYNQ/boards/Pynq-Z2/base/base/base.srcs/sources_1/bd/base/ipshared/6c92/src/io_switch.v:437]
WARNING: [Synth 8-7071] port 'sck0_i' of module 'io_switch_bit' is unconnected for instance 'd_i' [c:/Users/dhire/OneDrive/Documents/School/EE382N_Adv_Micro/PYNQ/boards/Pynq-Z2/base/base/base.srcs/sources_1/bd/base/ipshared/6c92/src/io_switch.v:437]
WARNING: [Synth 8-7071] port 'sck0_o' of module 'io_switch_bit' is unconnected for instance 'd_i' [c:/Users/dhire/OneDrive/Documents/School/EE382N_Adv_Micro/PYNQ/boards/Pynq-Z2/base/base/base.srcs/sources_1/bd/base/ipshared/6c92/src/io_switch.v:437]
WARNING: [Synth 8-7071] port 'sck0_t' of module 'io_switch_bit' is unconnected for instance 'd_i' [c:/Users/dhire/OneDrive/Documents/School/EE382N_Adv_Micro/PYNQ/boards/Pynq-Z2/base/base/base.srcs/sources_1/bd/base/ipshared/6c92/src/io_switch.v:437]
WARNING: [Synth 8-7071] port 'miso0_i' of module 'io_switch_bit' is unconnected for instance 'd_i' [c:/Users/dhire/OneDrive/Documents/School/EE382N_Adv_Micro/PYNQ/boards/Pynq-Z2/base/base/base.srcs/sources_1/bd/base/ipshared/6c92/src/io_switch.v:437]
WARNING: [Synth 8-7071] port 'miso0_o' of module 'io_switch_bit' is unconnected for instance 'd_i' [c:/Users/dhire/OneDrive/Documents/School/EE382N_Adv_Micro/PYNQ/boards/Pynq-Z2/base/base/base.srcs/sources_1/bd/base/ipshared/6c92/src/io_switch.v:437]
WARNING: [Synth 8-7071] port 'miso0_t' of module 'io_switch_bit' is unconnected for instance 'd_i' [c:/Users/dhire/OneDrive/Documents/School/EE382N_Adv_Micro/PYNQ/boards/Pynq-Z2/base/base/base.srcs/sources_1/bd/base/ipshared/6c92/src/io_switch.v:437]
WARNING: [Synth 8-7071] port 'mosi0_i' of module 'io_switch_bit' is unconnected for instance 'd_i' [c:/Users/dhire/OneDrive/Documents/School/EE382N_Adv_Micro/PYNQ/boards/Pynq-Z2/base/base/base.srcs/sources_1/bd/base/ipshared/6c92/src/io_switch.v:437]
WARNING: [Synth 8-7071] port 'mosi0_o' of module 'io_switch_bit' is unconnected for instance 'd_i' [c:/Users/dhire/OneDrive/Documents/School/EE382N_Adv_Micro/PYNQ/boards/Pynq-Z2/base/base/base.srcs/sources_1/bd/base/ipshared/6c92/src/io_switch.v:437]
WARNING: [Synth 8-7071] port 'mosi0_t' of module 'io_switch_bit' is unconnected for instance 'd_i' [c:/Users/dhire/OneDrive/Documents/School/EE382N_Adv_Micro/PYNQ/boards/Pynq-Z2/base/base/base.srcs/sources_1/bd/base/ipshared/6c92/src/io_switch.v:437]
WARNING: [Synth 8-7071] port 'ss0_i' of module 'io_switch_bit' is unconnected for instance 'd_i' [c:/Users/dhire/OneDrive/Documents/School/EE382N_Adv_Micro/PYNQ/boards/Pynq-Z2/base/base/base.srcs/sources_1/bd/base/ipshared/6c92/src/io_switch.v:437]
WARNING: [Synth 8-7071] port 'ss0_o' of module 'io_switch_bit' is unconnected for instance 'd_i' [c:/Users/dhire/OneDrive/Documents/School/EE382N_Adv_Micro/PYNQ/boards/Pynq-Z2/base/base/base.srcs/sources_1/bd/base/ipshared/6c92/src/io_switch.v:437]
WARNING: [Synth 8-7071] port 'ss0_t' of module 'io_switch_bit' is unconnected for instance 'd_i' [c:/Users/dhire/OneDrive/Documents/School/EE382N_Adv_Micro/PYNQ/boards/Pynq-Z2/base/base/base.srcs/sources_1/bd/base/ipshared/6c92/src/io_switch.v:437]
WARNING: [Synth 8-7071] port 'sck1_i' of module 'io_switch_bit' is unconnected for instance 'd_i' [c:/Users/dhire/OneDrive/Documents/School/EE382N_Adv_Micro/PYNQ/boards/Pynq-Z2/base/base/base.srcs/sources_1/bd/base/ipshared/6c92/src/io_switch.v:437]
WARNING: [Synth 8-7071] port 'sck1_o' of module 'io_switch_bit' is unconnected for instance 'd_i' [c:/Users/dhire/OneDrive/Documents/School/EE382N_Adv_Micro/PYNQ/boards/Pynq-Z2/base/base/base.srcs/sources_1/bd/base/ipshared/6c92/src/io_switch.v:437]
WARNING: [Synth 8-7071] port 'sck1_t' of module 'io_switch_bit' is unconnected for instance 'd_i' [c:/Users/dhire/OneDrive/Documents/School/EE382N_Adv_Micro/PYNQ/boards/Pynq-Z2/base/base/base.srcs/sources_1/bd/base/ipshared/6c92/src/io_switch.v:437]
WARNING: [Synth 8-7071] port 'miso1_i' of module 'io_switch_bit' is unconnected for instance 'd_i' [c:/Users/dhire/OneDrive/Documents/School/EE382N_Adv_Micro/PYNQ/boards/Pynq-Z2/base/base/base.srcs/sources_1/bd/base/ipshared/6c92/src/io_switch.v:437]
WARNING: [Synth 8-7071] port 'miso1_o' of module 'io_switch_bit' is unconnected for instance 'd_i' [c:/Users/dhire/OneDrive/Documents/School/EE382N_Adv_Micro/PYNQ/boards/Pynq-Z2/base/base/base.srcs/sources_1/bd/base/ipshared/6c92/src/io_switch.v:437]
WARNING: [Synth 8-7071] port 'miso1_t' of module 'io_switch_bit' is unconnected for instance 'd_i' [c:/Users/dhire/OneDrive/Documents/School/EE382N_Adv_Micro/PYNQ/boards/Pynq-Z2/base/base/base.srcs/sources_1/bd/base/ipshared/6c92/src/io_switch.v:437]
WARNING: [Synth 8-7071] port 'mosi1_i' of module 'io_switch_bit' is unconnected for instance 'd_i' [c:/Users/dhire/OneDrive/Documents/School/EE382N_Adv_Micro/PYNQ/boards/Pynq-Z2/base/base/base.srcs/sources_1/bd/base/ipshared/6c92/src/io_switch.v:437]
WARNING: [Synth 8-7071] port 'mosi1_o' of module 'io_switch_bit' is unconnected for instance 'd_i' [c:/Users/dhire/OneDrive/Documents/School/EE382N_Adv_Micro/PYNQ/boards/Pynq-Z2/base/base/base.srcs/sources_1/bd/base/ipshared/6c92/src/io_switch.v:437]
WARNING: [Synth 8-7071] port 'mosi1_t' of module 'io_switch_bit' is unconnected for instance 'd_i' [c:/Users/dhire/OneDrive/Documents/School/EE382N_Adv_Micro/PYNQ/boards/Pynq-Z2/base/base/base.srcs/sources_1/bd/base/ipshared/6c92/src/io_switch.v:437]
WARNING: [Synth 8-7071] port 'ss1_i' of module 'io_switch_bit' is unconnected for instance 'd_i' [c:/Users/dhire/OneDrive/Documents/School/EE382N_Adv_Micro/PYNQ/boards/Pynq-Z2/base/base/base.srcs/sources_1/bd/base/ipshared/6c92/src/io_switch.v:437]
WARNING: [Synth 8-7071] port 'ss1_o' of module 'io_switch_bit' is unconnected for instance 'd_i' [c:/Users/dhire/OneDrive/Documents/School/EE382N_Adv_Micro/PYNQ/boards/Pynq-Z2/base/base/base.srcs/sources_1/bd/base/ipshared/6c92/src/io_switch.v:437]
WARNING: [Synth 8-7071] port 'ss1_t' of module 'io_switch_bit' is unconnected for instance 'd_i' [c:/Users/dhire/OneDrive/Documents/School/EE382N_Adv_Micro/PYNQ/boards/Pynq-Z2/base/base/base.srcs/sources_1/bd/base/ipshared/6c92/src/io_switch.v:437]
WARNING: [Synth 8-7071] port 'sda0_i' of module 'io_switch_bit' is unconnected for instance 'd_i' [c:/Users/dhire/OneDrive/Documents/School/EE382N_Adv_Micro/PYNQ/boards/Pynq-Z2/base/base/base.srcs/sources_1/bd/base/ipshared/6c92/src/io_switch.v:437]
WARNING: [Synth 8-7071] port 'sda0_o' of module 'io_switch_bit' is unconnected for instance 'd_i' [c:/Users/dhire/OneDrive/Documents/School/EE382N_Adv_Micro/PYNQ/boards/Pynq-Z2/base/base/base.srcs/sources_1/bd/base/ipshared/6c92/src/io_switch.v:437]
WARNING: [Synth 8-7071] port 'sda0_t' of module 'io_switch_bit' is unconnected for instance 'd_i' [c:/Users/dhire/OneDrive/Documents/School/EE382N_Adv_Micro/PYNQ/boards/Pynq-Z2/base/base/base.srcs/sources_1/bd/base/ipshared/6c92/src/io_switch.v:437]
WARNING: [Synth 8-7071] port 'scl0_i' of module 'io_switch_bit' is unconnected for instance 'd_i' [c:/Users/dhire/OneDrive/Documents/School/EE382N_Adv_Micro/PYNQ/boards/Pynq-Z2/base/base/base.srcs/sources_1/bd/base/ipshared/6c92/src/io_switch.v:437]
WARNING: [Synth 8-7071] port 'scl0_o' of module 'io_switch_bit' is unconnected for instance 'd_i' [c:/Users/dhire/OneDrive/Documents/School/EE382N_Adv_Micro/PYNQ/boards/Pynq-Z2/base/base/base.srcs/sources_1/bd/base/ipshared/6c92/src/io_switch.v:437]
WARNING: [Synth 8-7071] port 'scl0_t' of module 'io_switch_bit' is unconnected for instance 'd_i' [c:/Users/dhire/OneDrive/Documents/School/EE382N_Adv_Micro/PYNQ/boards/Pynq-Z2/base/base/base.srcs/sources_1/bd/base/ipshared/6c92/src/io_switch.v:437]
WARNING: [Synth 8-7071] port 'sda1_i' of module 'io_switch_bit' is unconnected for instance 'd_i' [c:/Users/dhire/OneDrive/Documents/School/EE382N_Adv_Micro/PYNQ/boards/Pynq-Z2/base/base/base.srcs/sources_1/bd/base/ipshared/6c92/src/io_switch.v:437]
WARNING: [Synth 8-7071] port 'sda1_o' of module 'io_switch_bit' is unconnected for instance 'd_i' [c:/Users/dhire/OneDrive/Documents/School/EE382N_Adv_Micro/PYNQ/boards/Pynq-Z2/base/base/base.srcs/sources_1/bd/base/ipshared/6c92/src/io_switch.v:437]
WARNING: [Synth 8-7071] port 'sda1_t' of module 'io_switch_bit' is unconnected for instance 'd_i' [c:/Users/dhire/OneDrive/Documents/School/EE382N_Adv_Micro/PYNQ/boards/Pynq-Z2/base/base/base.srcs/sources_1/bd/base/ipshared/6c92/src/io_switch.v:437]
WARNING: [Synth 8-7071] port 'scl1_i' of module 'io_switch_bit' is unconnected for instance 'd_i' [c:/Users/dhire/OneDrive/Documents/School/EE382N_Adv_Micro/PYNQ/boards/Pynq-Z2/base/base/base.srcs/sources_1/bd/base/ipshared/6c92/src/io_switch.v:437]
WARNING: [Synth 8-7071] port 'scl1_o' of module 'io_switch_bit' is unconnected for instance 'd_i' [c:/Users/dhire/OneDrive/Documents/School/EE382N_Adv_Micro/PYNQ/boards/Pynq-Z2/base/base/base.srcs/sources_1/bd/base/ipshared/6c92/src/io_switch.v:437]
WARNING: [Synth 8-7071] port 'scl1_t' of module 'io_switch_bit' is unconnected for instance 'd_i' [c:/Users/dhire/OneDrive/Documents/School/EE382N_Adv_Micro/PYNQ/boards/Pynq-Z2/base/base/base.srcs/sources_1/bd/base/ipshared/6c92/src/io_switch.v:437]
WARNING: [Synth 8-7071] port 'pwm_o' of module 'io_switch_bit' is unconnected for instance 'd_i' [c:/Users/dhire/OneDrive/Documents/School/EE382N_Adv_Micro/PYNQ/boards/Pynq-Z2/base/base/base.srcs/sources_1/bd/base/ipshared/6c92/src/io_switch.v:437]
WARNING: [Synth 8-7071] port 'timer_i_0' of module 'io_switch_bit' is unconnected for instance 'd_i' [c:/Users/dhire/OneDrive/Documents/School/EE382N_Adv_Micro/PYNQ/boards/Pynq-Z2/base/base/base.srcs/sources_1/bd/base/ipshared/6c92/src/io_switch.v:437]
WARNING: [Synth 8-7071] port 'timer_i_1' of module 'io_switch_bit' is unconnected for instance 'd_i' [c:/Users/dhire/OneDrive/Documents/School/EE382N_Adv_Micro/PYNQ/boards/Pynq-Z2/base/base/base.srcs/sources_1/bd/base/ipshared/6c92/src/io_switch.v:437]
WARNING: [Synth 8-7071] port 'timer_i_2' of module 'io_switch_bit' is unconnected for instance 'd_i' [c:/Users/dhire/OneDrive/Documents/School/EE382N_Adv_Micro/PYNQ/boards/Pynq-Z2/base/base/base.srcs/sources_1/bd/base/ipshared/6c92/src/io_switch.v:437]
WARNING: [Synth 8-7071] port 'timer_i_3' of module 'io_switch_bit' is unconnected for instance 'd_i' [c:/Users/dhire/OneDrive/Documents/School/EE382N_Adv_Micro/PYNQ/boards/Pynq-Z2/base/base/base.srcs/sources_1/bd/base/ipshared/6c92/src/io_switch.v:437]
WARNING: [Synth 8-7071] port 'timer_i_4' of module 'io_switch_bit' is unconnected for instance 'd_i' [c:/Users/dhire/OneDrive/Documents/School/EE382N_Adv_Micro/PYNQ/boards/Pynq-Z2/base/base/base.srcs/sources_1/bd/base/ipshared/6c92/src/io_switch.v:437]
WARNING: [Synth 8-7071] port 'timer_i_5' of module 'io_switch_bit' is unconnected for instance 'd_i' [c:/Users/dhire/OneDrive/Documents/School/EE382N_Adv_Micro/PYNQ/boards/Pynq-Z2/base/base/base.srcs/sources_1/bd/base/ipshared/6c92/src/io_switch.v:437]
WARNING: [Synth 8-7071] port 'timer_i_6' of module 'io_switch_bit' is unconnected for instance 'd_i' [c:/Users/dhire/OneDrive/Documents/School/EE382N_Adv_Micro/PYNQ/boards/Pynq-Z2/base/base/base.srcs/sources_1/bd/base/ipshared/6c92/src/io_switch.v:437]
WARNING: [Synth 8-7071] port 'timer_i_7' of module 'io_switch_bit' is unconnected for instance 'd_i' [c:/Users/dhire/OneDrive/Documents/School/EE382N_Adv_Micro/PYNQ/boards/Pynq-Z2/base/base/base.srcs/sources_1/bd/base/ipshared/6c92/src/io_switch.v:437]
WARNING: [Synth 8-7071] port 'timer_o' of module 'io_switch_bit' is unconnected for instance 'd_i' [c:/Users/dhire/OneDrive/Documents/School/EE382N_Adv_Micro/PYNQ/boards/Pynq-Z2/base/base/base.srcs/sources_1/bd/base/ipshared/6c92/src/io_switch.v:437]
WARNING: [Synth 8-7023] instance 'd_i' of module 'io_switch_bit' has 58 connections declared, but only 10 given [c:/Users/dhire/OneDrive/Documents/School/EE382N_Adv_Micro/PYNQ/boards/Pynq-Z2/base/base/base.srcs/sources_1/bd/base/ipshared/6c92/src/io_switch.v:437]
WARNING: [Synth 8-7071] port 'uart1_rx_i' of module 'io_switch_bit' is unconnected for instance 'd_i' [c:/Users/dhire/OneDrive/Documents/School/EE382N_Adv_Micro/PYNQ/boards/Pynq-Z2/base/base/base.srcs/sources_1/bd/base/ipshared/6c92/src/io_switch.v:437]
WARNING: [Synth 8-7071] port 'uart1_tx_o' of module 'io_switch_bit' is unconnected for instance 'd_i' [c:/Users/dhire/OneDrive/Documents/School/EE382N_Adv_Micro/PYNQ/boards/Pynq-Z2/base/base/base.srcs/sources_1/bd/base/ipshared/6c92/src/io_switch.v:437]
WARNING: [Synth 8-7071] port 'sck0_i' of module 'io_switch_bit' is unconnected for instance 'd_i' [c:/Users/dhire/OneDrive/Documents/School/EE382N_Adv_Micro/PYNQ/boards/Pynq-Z2/base/base/base.srcs/sources_1/bd/base/ipshared/6c92/src/io_switch.v:437]
WARNING: [Synth 8-7071] port 'sck0_o' of module 'io_switch_bit' is unconnected for instance 'd_i' [c:/Users/dhire/OneDrive/Documents/School/EE382N_Adv_Micro/PYNQ/boards/Pynq-Z2/base/base/base.srcs/sources_1/bd/base/ipshared/6c92/src/io_switch.v:437]
INFO: [Common 17-14] Message 'Synth 8-7071' appears 100 times and further instances of the messages will be disabled. Use the Tcl command set_msg_config to change the current settings.
WARNING: [Synth 8-7023] instance 'd_i' of module 'io_switch_bit' has 58 connections declared, but only 10 given [c:/Users/dhire/OneDrive/Documents/School/EE382N_Adv_Micro/PYNQ/boards/Pynq-Z2/base/base/base.srcs/sources_1/bd/base/ipshared/6c92/src/io_switch.v:437]
WARNING: [Synth 8-7023] instance 'd_i' of module 'io_switch_bit' has 58 connections declared, but only 18 given [c:/Users/dhire/OneDrive/Documents/School/EE382N_Adv_Micro/PYNQ/boards/Pynq-Z2/base/base/base.srcs/sources_1/bd/base/ipshared/6c92/src/io_switch.v:451]
WARNING: [Synth 8-7023] instance 'd_i' of module 'io_switch_bit' has 58 connections declared, but only 18 given [c:/Users/dhire/OneDrive/Documents/School/EE382N_Adv_Micro/PYNQ/boards/Pynq-Z2/base/base/base.srcs/sources_1/bd/base/ipshared/6c92/src/io_switch.v:469]
WARNING: [Synth 8-7023] instance 'd_i' of module 'io_switch_bit' has 58 connections declared, but only 18 given [c:/Users/dhire/OneDrive/Documents/School/EE382N_Adv_Micro/PYNQ/boards/Pynq-Z2/base/base/base.srcs/sources_1/bd/base/ipshared/6c92/src/io_switch.v:469]
WARNING: [Synth 8-7023] instance 'd_i' of module 'io_switch_bit' has 58 connections declared, but only 18 given [c:/Users/dhire/OneDrive/Documents/School/EE382N_Adv_Micro/PYNQ/boards/Pynq-Z2/base/base/base.srcs/sources_1/bd/base/ipshared/6c92/src/io_switch.v:469]
WARNING: [Synth 8-7023] instance 'd_i' of module 'io_switch_bit' has 58 connections declared, but only 18 given [c:/Users/dhire/OneDrive/Documents/School/EE382N_Adv_Micro/PYNQ/boards/Pynq-Z2/base/base/base.srcs/sources_1/bd/base/ipshared/6c92/src/io_switch.v:469]
WARNING: [Synth 8-7023] instance 'd_i' of module 'io_switch_bit' has 58 connections declared, but only 29 given [c:/Users/dhire/OneDrive/Documents/School/EE382N_Adv_Micro/PYNQ/boards/Pynq-Z2/base/base/base.srcs/sources_1/bd/base/ipshared/6c92/src/io_switch.v:487]
WARNING: [Synth 8-7023] instance 'd_i' of module 'io_switch_bit' has 58 connections declared, but only 29 given [c:/Users/dhire/OneDrive/Documents/School/EE382N_Adv_Micro/PYNQ/boards/Pynq-Z2/base/base/base.srcs/sources_1/bd/base/ipshared/6c92/src/io_switch.v:487]
WARNING: [Synth 8-7023] instance 'd_i' of module 'io_switch_bit' has 58 connections declared, but only 29 given [c:/Users/dhire/OneDrive/Documents/School/EE382N_Adv_Micro/PYNQ/boards/Pynq-Z2/base/base/base.srcs/sources_1/bd/base/ipshared/6c92/src/io_switch.v:509]
WARNING: [Synth 8-7023] instance 'd_i' of module 'io_switch_bit' has 58 connections declared, but only 29 given [c:/Users/dhire/OneDrive/Documents/School/EE382N_Adv_Micro/PYNQ/boards/Pynq-Z2/base/base/base.srcs/sources_1/bd/base/ipshared/6c92/src/io_switch.v:509]
WARNING: [Synth 8-7023] instance 'd_i' of module 'io_switch_bit' has 58 connections declared, but only 19 given [c:/Users/dhire/OneDrive/Documents/School/EE382N_Adv_Micro/PYNQ/boards/Pynq-Z2/base/base/base.srcs/sources_1/bd/base/ipshared/6c92/src/io_switch.v:531]
WARNING: [Synth 8-7023] instance 'd_i' of module 'io_switch_bit' has 58 connections declared, but only 19 given [c:/Users/dhire/OneDrive/Documents/School/EE382N_Adv_Micro/PYNQ/boards/Pynq-Z2/base/base/base.srcs/sources_1/bd/base/ipshared/6c92/src/io_switch.v:531]
WARNING: [Synth 8-7023] instance 'd_i' of module 'io_switch_bit' has 58 connections declared, but only 8 given [c:/Users/dhire/OneDrive/Documents/School/EE382N_Adv_Micro/PYNQ/boards/Pynq-Z2/base/base/base.srcs/sources_1/bd/base/ipshared/6c92/src/io_switch.v:548]
WARNING: [Synth 8-7023] instance 'd_i' of module 'io_switch_bit' has 58 connections declared, but only 8 given [c:/Users/dhire/OneDrive/Documents/School/EE382N_Adv_Micro/PYNQ/boards/Pynq-Z2/base/base/base.srcs/sources_1/bd/base/ipshared/6c92/src/io_switch.v:548]
WARNING: [Synth 8-7023] instance 'd_i' of module 'io_switch_bit' has 58 connections declared, but only 8 given [c:/Users/dhire/OneDrive/Documents/School/EE382N_Adv_Micro/PYNQ/boards/Pynq-Z2/base/base/base.srcs/sources_1/bd/base/ipshared/6c92/src/io_switch.v:561]
WARNING: [Synth 8-7023] instance 'd_i' of module 'io_switch_bit' has 58 connections declared, but only 8 given [c:/Users/dhire/OneDrive/Documents/School/EE382N_Adv_Micro/PYNQ/boards/Pynq-Z2/base/base/base.srcs/sources_1/bd/base/ipshared/6c92/src/io_switch.v:561]
WARNING: [Synth 8-7023] instance 'd_i' of module 'io_switch_bit' has 58 connections declared, but only 8 given [c:/Users/dhire/OneDrive/Documents/School/EE382N_Adv_Micro/PYNQ/boards/Pynq-Z2/base/base/base.srcs/sources_1/bd/base/ipshared/6c92/src/io_switch.v:561]
WARNING: [Synth 8-7023] instance 'd_i' of module 'io_switch_bit' has 58 connections declared, but only 8 given [c:/Users/dhire/OneDrive/Documents/School/EE382N_Adv_Micro/PYNQ/boards/Pynq-Z2/base/base/base.srcs/sources_1/bd/base/ipshared/6c92/src/io_switch.v:561]
INFO: [Synth 8-6155] done synthesizing module 'io_switch' (2#1) [c:/Users/dhire/OneDrive/Documents/School/EE382N_Adv_Micro/PYNQ/boards/Pynq-Z2/base/base/base.srcs/sources_1/bd/base/ipshared/6c92/src/io_switch.v:7]
INFO: [Synth 8-6155] done synthesizing module 'io_switch_v1_1_S_AXI' (3#1) [c:/Users/dhire/OneDrive/Documents/School/EE382N_Adv_Micro/PYNQ/boards/Pynq-Z2/base/base/base.srcs/sources_1/bd/base/ipshared/6c92/hdl/io_switch_v1_1_S_AXI.v:4]
INFO: [Synth 8-6155] done synthesizing module 'io_switch_v1_1' (4#1) [c:/Users/dhire/OneDrive/Documents/School/EE382N_Adv_Micro/PYNQ/boards/Pynq-Z2/base/base/base.srcs/sources_1/bd/base/ipshared/6c92/hdl/io_switch_v1_1.v:4]
INFO: [Synth 8-6155] done synthesizing module 'base_io_switch_0' (5#1) [c:/Users/dhire/OneDrive/Documents/School/EE382N_Adv_Micro/PYNQ/boards/Pynq-Z2/base/base/base.srcs/sources_1/bd/base/ip/base_io_switch_0/synth/base_io_switch_0.v:57]
---------------------------------------------------------------------------------
Finished RTL Elaboration : Time (s): cpu = 00:00:14 ; elapsed = 00:00:17 . Memory (MB): peak = 1097.941 ; gain = 61.648
---------------------------------------------------------------------------------
---------------------------------------------------------------------------------
Start Handling Custom Attributes
---------------------------------------------------------------------------------
---------------------------------------------------------------------------------
Finished Handling Custom Attributes : Time (s): cpu = 00:00:15 ; elapsed = 00:00:18 . Memory (MB): peak = 1097.941 ; gain = 61.648
---------------------------------------------------------------------------------
---------------------------------------------------------------------------------
Finished RTL Optimization Phase 1 : Time (s): cpu = 00:00:15 ; elapsed = 00:00:18 . Memory (MB): peak = 1097.941 ; gain = 61.648
---------------------------------------------------------------------------------
Netlist sorting complete. Time (s): cpu = 00:00:00 ; elapsed = 00:00:00.120 . Memory (MB): peak = 1097.941 ; gain = 0.000
INFO: [Project 1-570] Preparing netlist for logic optimization

Processing XDC Constraints
Initializing timing engine
Completed Processing XDC Constraints

Netlist sorting complete. Time (s): cpu = 00:00:00 ; elapsed = 00:00:00.001 . Memory (MB): peak = 1197.746 ; gain = 0.000
INFO: [Project 1-111] Unisim Transformation Summary:
No Unisim elements were transformed.

Constraint Validation Runtime : Time (s): cpu = 00:00:00 ; elapsed = 00:00:00.176 . Memory (MB): peak = 1197.746 ; gain = 0.000
---------------------------------------------------------------------------------
Finished Constraint Validation : Time (s): cpu = 00:00:32 ; elapsed = 00:00:42 . Memory (MB): peak = 1197.746 ; gain = 161.453
---------------------------------------------------------------------------------
---------------------------------------------------------------------------------
Start Loading Part and Timing Information
---------------------------------------------------------------------------------
Loading part: xc7z020clg400-1
---------------------------------------------------------------------------------
Finished Loading Part and Timing Information : Time (s): cpu = 00:00:32 ; elapsed = 00:00:42 . Memory (MB): peak = 1197.746 ; gain = 161.453
---------------------------------------------------------------------------------
---------------------------------------------------------------------------------
Start Applying 'set_property' XDC Constraints
---------------------------------------------------------------------------------
---------------------------------------------------------------------------------
Finished applying 'set_property' XDC Constraints : Time (s): cpu = 00:00:32 ; elapsed = 00:00:42 . Memory (MB): peak = 1197.746 ; gain = 161.453
---------------------------------------------------------------------------------
---------------------------------------------------------------------------------
Finished RTL Optimization Phase 2 : Time (s): cpu = 00:00:33 ; elapsed = 00:00:44 . Memory (MB): peak = 1197.746 ; gain = 161.453
---------------------------------------------------------------------------------
---------------------------------------------------------------------------------
Start RTL Component Statistics 
---------------------------------------------------------------------------------
Detailed RTL Component Info : 
+---Registers : 
	               32 Bit    Registers := 9     
	                6 Bit    Registers := 2     
	                2 Bit    Registers := 2     
	                1 Bit    Registers := 6     
+---Muxes : 
	   2 Input   32 Bit        Muxes := 8     
	  10 Input   32 Bit        Muxes := 8     
	  25 Input   24 Bit        Muxes := 20    
	   2 Input   24 Bit        Muxes := 20    
	   2 Input    1 Bit        Muxes := 45    
---------------------------------------------------------------------------------
Finished RTL Component Statistics 
---------------------------------------------------------------------------------
---------------------------------------------------------------------------------
Start Part Resource Summary
---------------------------------------------------------------------------------
Part Resources:
DSPs: 220 (col length:60)
BRAMs: 280 (col length: RAMB18 60 RAMB36 30)
---------------------------------------------------------------------------------
Finished Part Resource Summary
---------------------------------------------------------------------------------
---------------------------------------------------------------------------------
Start Cross Boundary and Area Optimization
---------------------------------------------------------------------------------
---------------------------------------------------------------------------------
Finished Cross Boundary and Area Optimization : Time (s): cpu = 00:00:51 ; elapsed = 00:01:09 . Memory (MB): peak = 1197.746 ; gain = 161.453
---------------------------------------------------------------------------------
---------------------------------------------------------------------------------
Start Applying XDC Timing Constraints
---------------------------------------------------------------------------------
---------------------------------------------------------------------------------
Finished Applying XDC Timing Constraints : Time (s): cpu = 00:01:10 ; elapsed = 00:01:38 . Memory (MB): peak = 1197.746 ; gain = 161.453
---------------------------------------------------------------------------------
---------------------------------------------------------------------------------
Start Timing Optimization
---------------------------------------------------------------------------------
---------------------------------------------------------------------------------
Finished Timing Optimization : Time (s): cpu = 00:01:11 ; elapsed = 00:01:38 . Memory (MB): peak = 1197.746 ; gain = 161.453
---------------------------------------------------------------------------------
---------------------------------------------------------------------------------
Start Technology Mapping
---------------------------------------------------------------------------------
---------------------------------------------------------------------------------
Finished Technology Mapping : Time (s): cpu = 00:01:11 ; elapsed = 00:01:39 . Memory (MB): peak = 1205.500 ; gain = 169.207
---------------------------------------------------------------------------------
---------------------------------------------------------------------------------
Start IO Insertion
---------------------------------------------------------------------------------
---------------------------------------------------------------------------------
Start Flattening Before IO Insertion
---------------------------------------------------------------------------------
---------------------------------------------------------------------------------
Finished Flattening Before IO Insertion
---------------------------------------------------------------------------------
---------------------------------------------------------------------------------
Start Final Netlist Cleanup
---------------------------------------------------------------------------------
---------------------------------------------------------------------------------
Finished Final Netlist Cleanup
---------------------------------------------------------------------------------
---------------------------------------------------------------------------------
Finished IO Insertion : Time (s): cpu = 00:01:21 ; elapsed = 00:01:53 . Memory (MB): peak = 1211.285 ; gain = 174.992
---------------------------------------------------------------------------------
---------------------------------------------------------------------------------
Start Renaming Generated Instances
---------------------------------------------------------------------------------
---------------------------------------------------------------------------------
Finished Renaming Generated Instances : Time (s): cpu = 00:01:21 ; elapsed = 00:01:53 . Memory (MB): peak = 1211.285 ; gain = 174.992
---------------------------------------------------------------------------------
---------------------------------------------------------------------------------
Start Rebuilding User Hierarchy
---------------------------------------------------------------------------------
---------------------------------------------------------------------------------
Finished Rebuilding User Hierarchy : Time (s): cpu = 00:01:21 ; elapsed = 00:01:53 . Memory (MB): peak = 1211.285 ; gain = 174.992
---------------------------------------------------------------------------------
---------------------------------------------------------------------------------
Start Renaming Generated Ports
---------------------------------------------------------------------------------
---------------------------------------------------------------------------------
Finished Renaming Generated Ports : Time (s): cpu = 00:01:21 ; elapsed = 00:01:53 . Memory (MB): peak = 1211.285 ; gain = 174.992
---------------------------------------------------------------------------------
---------------------------------------------------------------------------------
Start Handling Custom Attributes
---------------------------------------------------------------------------------
---------------------------------------------------------------------------------
Finished Handling Custom Attributes : Time (s): cpu = 00:01:21 ; elapsed = 00:01:53 . Memory (MB): peak = 1211.285 ; gain = 174.992
---------------------------------------------------------------------------------
---------------------------------------------------------------------------------
Start Renaming Generated Nets
---------------------------------------------------------------------------------
---------------------------------------------------------------------------------
Finished Renaming Generated Nets : Time (s): cpu = 00:01:21 ; elapsed = 00:01:53 . Memory (MB): peak = 1211.285 ; gain = 174.992
---------------------------------------------------------------------------------
---------------------------------------------------------------------------------
Start Writing Synthesis Report
---------------------------------------------------------------------------------

Report BlackBoxes: 
+-+--------------+----------+
| |BlackBox name |Instances |
+-+--------------+----------+
+-+--------------+----------+

Report Cell Usage: 
+------+------+------+
|      |Cell  |Count |
+------+------+------+
|1     |LUT1  |     1|
|2     |LUT2  |    46|
|3     |LUT3  |    29|
|4     |LUT4  |    99|
|5     |LUT5  |    71|
|6     |LUT6  |   338|
|7     |MUXF7 |    17|
|8     |MUXF8 |     3|
|9     |FDRE  |   301|
|10    |FDSE  |     1|
+------+------+------+
---------------------------------------------------------------------------------
Finished Writing Synthesis Report : Time (s): cpu = 00:01:21 ; elapsed = 00:01:53 . Memory (MB): peak = 1211.285 ; gain = 174.992
---------------------------------------------------------------------------------
Synthesis finished with 0 errors, 0 critical warnings and 0 warnings.
Synthesis Optimization Runtime : Time (s): cpu = 00:01:00 ; elapsed = 00:01:46 . Memory (MB): peak = 1211.285 ; gain = 75.188
Synthesis Optimization Complete : Time (s): cpu = 00:01:21 ; elapsed = 00:01:53 . Memory (MB): peak = 1211.285 ; gain = 174.992
INFO: [Project 1-571] Translating synthesized netlist
Netlist sorting complete. Time (s): cpu = 00:00:00 ; elapsed = 00:00:00.054 . Memory (MB): peak = 1223.352 ; gain = 0.000
INFO: [Netlist 29-17] Analyzing 20 Unisim elements for replacement
INFO: [Netlist 29-28] Unisim Transformation completed in 0 CPU seconds
INFO: [Project 1-570] Preparing netlist for logic optimization
INFO: [Opt 31-138] Pushed 0 inverter(s) to 0 load pin(s).
Netlist sorting complete. Time (s): cpu = 00:00:00 ; elapsed = 00:00:00 . Memory (MB): peak = 1223.352 ; gain = 0.000
INFO: [Project 1-111] Unisim Transformation Summary:
No Unisim elements were transformed.

INFO: [Common 17-83] Releasing license: Synthesis
28 Infos, 122 Warnings, 0 Critical Warnings and 0 Errors encountered.
synth_design completed successfully
synth_design: Time (s): cpu = 00:01:38 ; elapsed = 00:02:19 . Memory (MB): peak = 1223.352 ; gain = 187.059
INFO: [Common 17-1381] The checkpoint 'C:/Users/dhire/OneDrive/Documents/School/EE382N_Adv_Micro/PYNQ/boards/Pynq-Z2/base/base/base.runs/base_io_switch_0_synth_1/base_io_switch_0.dcp' has been generated.
WARNING: [Common 17-576] 'use_project_ipc' is deprecated. This option is deprecated and no longer used.
INFO: [Coretcl 2-1648] Added synthesis output to IP cache for IP base_io_switch_0, cache-ID = 8caf65bb55a00be4
INFO: [Coretcl 2-1174] Renamed 2 cell refs.
INFO: [Common 17-1381] The checkpoint 'C:/Users/dhire/OneDrive/Documents/School/EE382N_Adv_Micro/PYNQ/boards/Pynq-Z2/base/base/base.runs/base_io_switch_0_synth_1/base_io_switch_0.dcp' has been generated.
INFO: [runtcl-4] Executing : report_utilization -file base_io_switch_0_utilization_synth.rpt -pb base_io_switch_0_utilization_synth.pb
INFO: [Common 17-206] Exiting Vivado at Thu May 13 15:50:55 2021...
